{"/Users/pranshurampal/speech-to-text-app/src/main.ts": {"path":"/Users/pranshurampal/speech-to-text-app/src/main.ts","statementMap":{"0":{"start":{"line":1,"column":0},"end":{"line":1,"column":150}},"1":{"start":{"line":2,"column":0},"end":{"line":2,"column":51}},"2":{"start":{"line":3,"column":0},"end":{"line":3,"column":24}},"3":{"start":{"line":4,"column":0},"end":{"line":4,"column":64}},"4":{"start":{"line":5,"column":0},"end":{"line":5,"column":53}},"5":{"start":{"line":6,"column":0},"end":{"line":6,"column":48}},"6":{"start":{"line":7,"column":0},"end":{"line":7,"column":50}},"7":{"start":{"line":8,"column":0},"end":{"line":8,"column":75}},"8":{"start":{"line":9,"column":0},"end":{"line":9,"column":50}},"9":{"start":{"line":10,"column":0},"end":{"line":10,"column":28}},"10":{"start":{"line":12,"column":0},"end":{"line":12,"column":16}},"11":{"start":{"line":18,"column":20},"end":{"line":18,"column":25}},"12":{"start":{"line":20,"column":39},"end":{"line":20,"column":43}},"13":{"start":{"line":21,"column":42},"end":{"line":21,"column":46}},"14":{"start":{"line":22,"column":24},"end":{"line":22,"column":28}},"15":{"start":{"line":23,"column":56},"end":{"line":23,"column":60}},"16":{"start":{"line":24,"column":42},"end":{"line":24,"column":46}},"17":{"start":{"line":25,"column":40},"end":{"line":25,"column":44}},"18":{"start":{"line":26,"column":46},"end":{"line":26,"column":50}},"19":{"start":{"line":27,"column":42},"end":{"line":27,"column":46}},"20":{"start":{"line":29,"column":21},"end":{"line":77,"column":1}},"21":{"start":{"line":30,"column":2},"end":{"line":47,"column":5}},"22":{"start":{"line":50,"column":2},"end":{"line":52,"column":5}},"23":{"start":{"line":51,"column":4},"end":{"line":51,"column":23}},"24":{"start":{"line":54,"column":16},"end":{"line":54,"column":31}},"25":{"start":{"line":55,"column":19},"end":{"line":57,"column":61}},"26":{"start":{"line":59,"column":2},"end":{"line":59,"column":31}},"27":{"start":{"line":61,"column":2},"end":{"line":63,"column":3}},"28":{"start":{"line":62,"column":4},"end":{"line":62,"column":42}},"29":{"start":{"line":66,"column":2},"end":{"line":72,"column":5}},"30":{"start":{"line":67,"column":4},"end":{"line":70,"column":5}},"31":{"start":{"line":68,"column":6},"end":{"line":68,"column":29}},"32":{"start":{"line":69,"column":6},"end":{"line":69,"column":25}},"33":{"start":{"line":71,"column":4},"end":{"line":71,"column":17}},"34":{"start":{"line":74,"column":2},"end":{"line":76,"column":5}},"35":{"start":{"line":75,"column":4},"end":{"line":75,"column":22}},"36":{"start":{"line":79,"column":28},"end":{"line":119,"column":1}},"37":{"start":{"line":80,"column":2},"end":{"line":98,"column":5}},"38":{"start":{"line":101,"column":21},"end":{"line":101,"column":40}},"39":{"start":{"line":102,"column":25},"end":{"line":102,"column":51}},"40":{"start":{"line":103,"column":28},"end":{"line":103,"column":55}},"41":{"start":{"line":104,"column":2},"end":{"line":104,"column":71}},"42":{"start":{"line":106,"column":16},"end":{"line":106,"column":31}},"43":{"start":{"line":107,"column":19},"end":{"line":109,"column":70}},"44":{"start":{"line":111,"column":2},"end":{"line":111,"column":34}},"45":{"start":{"line":114,"column":2},"end":{"line":114,"column":43}},"46":{"start":{"line":116,"column":2},"end":{"line":118,"column":5}},"47":{"start":{"line":117,"column":4},"end":{"line":117,"column":25}},"48":{"start":{"line":121,"column":19},"end":{"line":155,"column":1}},"49":{"start":{"line":122,"column":19},"end":{"line":122,"column":61}},"50":{"start":{"line":127,"column":2},"end":{"line":154,"column":3}},"51":{"start":{"line":128,"column":17},"end":{"line":128,"column":53}},"52":{"start":{"line":129,"column":4},"end":{"line":129,"column":26}},"53":{"start":{"line":131,"column":24},"end":{"line":140,"column":6}},"54":{"start":{"line":132,"column":40},"end":{"line":132,"column":58}},"55":{"start":{"line":136,"column":10},"end":{"line":136,"column":31}},"56":{"start":{"line":137,"column":10},"end":{"line":137,"column":21}},"57":{"start":{"line":142,"column":4},"end":{"line":142,"column":42}},"58":{"start":{"line":143,"column":4},"end":{"line":143,"column":37}},"59":{"start":{"line":145,"column":4},"end":{"line":151,"column":7}},"60":{"start":{"line":146,"column":6},"end":{"line":150,"column":7}},"61":{"start":{"line":147,"column":8},"end":{"line":147,"column":26}},"62":{"start":{"line":149,"column":8},"end":{"line":149,"column":27}},"63":{"start":{"line":153,"column":4},"end":{"line":153,"column":76}},"64":{"start":{"line":157,"column":19},"end":{"line":193,"column":1}},"65":{"start":{"line":158,"column":49},"end":{"line":190,"column":4}},"66":{"start":{"line":166,"column":12},"end":{"line":166,"column":46}},"67":{"start":{"line":166,"column":28},"end":{"line":166,"column":46}},"68":{"start":{"line":173,"column":12},"end":{"line":173,"column":33}},"69":{"start":{"line":174,"column":12},"end":{"line":174,"column":23}},"70":{"start":{"line":192,"column":2},"end":{"line":192,"column":60}},"71":{"start":{"line":195,"column":0},"end":{"line":225,"column":3}},"72":{"start":{"line":197,"column":2},"end":{"line":197,"column":38}},"73":{"start":{"line":199,"column":17},"end":{"line":199,"column":48}},"74":{"start":{"line":203,"column":2},"end":{"line":207,"column":3}},"75":{"start":{"line":204,"column":4},"end":{"line":204,"column":80}},"76":{"start":{"line":205,"column":9},"end":{"line":207,"column":3}},"77":{"start":{"line":206,"column":4},"end":{"line":206,"column":78}},"78":{"start":{"line":210,"column":2},"end":{"line":210,"column":58}},"79":{"start":{"line":211,"column":2},"end":{"line":211,"column":44}},"80":{"start":{"line":212,"column":2},"end":{"line":212,"column":36}},"81":{"start":{"line":215,"column":2},"end":{"line":215,"column":42}},"82":{"start":{"line":216,"column":2},"end":{"line":216,"column":53}},"83":{"start":{"line":218,"column":2},"end":{"line":218,"column":17}},"84":{"start":{"line":219,"column":2},"end":{"line":219,"column":24}},"85":{"start":{"line":220,"column":2},"end":{"line":220,"column":15}},"86":{"start":{"line":221,"column":2},"end":{"line":221,"column":15}},"87":{"start":{"line":224,"column":2},"end":{"line":224,"column":21}},"88":{"start":{"line":228,"column":0},"end":{"line":240,"column":3}},"89":{"start":{"line":229,"column":2},"end":{"line":231,"column":3}},"90":{"start":{"line":230,"column":4},"end":{"line":230,"column":69}},"91":{"start":{"line":232,"column":17},"end":{"line":232,"column":48}},"92":{"start":{"line":233,"column":2},"end":{"line":235,"column":3}},"93":{"start":{"line":234,"column":4},"end":{"line":234,"column":61}},"94":{"start":{"line":236,"column":2},"end":{"line":238,"column":3}},"95":{"start":{"line":237,"column":4},"end":{"line":237,"column":61}},"96":{"start":{"line":239,"column":2},"end":{"line":239,"column":38}},"97":{"start":{"line":243,"column":0},"end":{"line":246,"column":3}},"98":{"start":{"line":244,"column":2},"end":{"line":244,"column":32}},"99":{"start":{"line":244,"column":22},"end":{"line":244,"column":32}},"100":{"start":{"line":245,"column":2},"end":{"line":245,"column":41}},"101":{"start":{"line":249,"column":0},"end":{"line":267,"column":3}},"102":{"start":{"line":250,"column":2},"end":{"line":252,"column":3}},"103":{"start":{"line":251,"column":4},"end":{"line":251,"column":71}},"104":{"start":{"line":255,"column":2},"end":{"line":257,"column":3}},"105":{"start":{"line":256,"column":4},"end":{"line":256,"column":92}},"106":{"start":{"line":260,"column":2},"end":{"line":260,"column":34}},"107":{"start":{"line":263,"column":2},"end":{"line":263,"column":58}},"108":{"start":{"line":264,"column":2},"end":{"line":264,"column":44}},"109":{"start":{"line":266,"column":2},"end":{"line":266,"column":40}},"110":{"start":{"line":270,"column":21},"end":{"line":270,"column":95}},"111":{"start":{"line":271,"column":19},"end":{"line":271,"column":21}},"112":{"start":{"line":272,"column":22},"end":{"line":272,"column":27}},"113":{"start":{"line":273,"column":20},"end":{"line":273,"column":25}},"114":{"start":{"line":276,"column":20},"end":{"line":276,"column":37}},"115":{"start":{"line":286,"column":16},"end":{"line":286,"column":54}},"116":{"start":{"line":286,"column":45},"end":{"line":286,"column":53}},"117":{"start":{"line":287,"column":21},"end":{"line":287,"column":26}},"118":{"start":{"line":288,"column":21},"end":{"line":288,"column":26}},"119":{"start":{"line":289,"column":20},"end":{"line":289,"column":25}},"120":{"start":{"line":290,"column":22},"end":{"line":290,"column":27}},"121":{"start":{"line":291,"column":27},"end":{"line":291,"column":31}},"122":{"start":{"line":293,"column":2},"end":{"line":293,"column":73}},"123":{"start":{"line":295,"column":2},"end":{"line":411,"column":3}},"124":{"start":{"line":296,"column":22},"end":{"line":296,"column":40}},"125":{"start":{"line":297,"column":4},"end":{"line":410,"column":5}},"126":{"start":{"line":300,"column":8},"end":{"line":300,"column":28}},"127":{"start":{"line":301,"column":8},"end":{"line":301,"column":14}},"128":{"start":{"line":304,"column":8},"end":{"line":304,"column":28}},"129":{"start":{"line":305,"column":8},"end":{"line":305,"column":14}},"130":{"start":{"line":307,"column":8},"end":{"line":307,"column":27}},"131":{"start":{"line":308,"column":8},"end":{"line":308,"column":14}},"132":{"start":{"line":310,"column":8},"end":{"line":310,"column":29}},"133":{"start":{"line":311,"column":8},"end":{"line":311,"column":14}},"134":{"start":{"line":314,"column":8},"end":{"line":314,"column":31}},"135":{"start":{"line":315,"column":8},"end":{"line":315,"column":14}},"136":{"start":{"line":318,"column":8},"end":{"line":318,"column":31}},"137":{"start":{"line":319,"column":8},"end":{"line":319,"column":14}},"138":{"start":{"line":322,"column":8},"end":{"line":322,"column":32}},"139":{"start":{"line":323,"column":8},"end":{"line":323,"column":14}},"140":{"start":{"line":325,"column":8},"end":{"line":325,"column":35}},"141":{"start":{"line":326,"column":8},"end":{"line":326,"column":14}},"142":{"start":{"line":328,"column":8},"end":{"line":328,"column":32}},"143":{"start":{"line":329,"column":8},"end":{"line":329,"column":14}},"144":{"start":{"line":331,"column":8},"end":{"line":331,"column":29}},"145":{"start":{"line":332,"column":8},"end":{"line":332,"column":14}},"146":{"start":{"line":334,"column":8},"end":{"line":334,"column":34}},"147":{"start":{"line":335,"column":8},"end":{"line":335,"column":14}},"148":{"start":{"line":337,"column":8},"end":{"line":337,"column":33}},"149":{"start":{"line":338,"column":8},"end":{"line":338,"column":14}},"150":{"start":{"line":340,"column":8},"end":{"line":340,"column":36}},"151":{"start":{"line":341,"column":8},"end":{"line":341,"column":14}},"152":{"start":{"line":344,"column":8},"end":{"line":344,"column":32}},"153":{"start":{"line":345,"column":8},"end":{"line":345,"column":14}},"154":{"start":{"line":347,"column":8},"end":{"line":347,"column":30}},"155":{"start":{"line":348,"column":8},"end":{"line":348,"column":14}},"156":{"start":{"line":350,"column":8},"end":{"line":350,"column":32}},"157":{"start":{"line":351,"column":8},"end":{"line":351,"column":14}},"158":{"start":{"line":353,"column":8},"end":{"line":353,"column":34}},"159":{"start":{"line":354,"column":8},"end":{"line":354,"column":14}},"160":{"start":{"line":356,"column":8},"end":{"line":356,"column":29}},"161":{"start":{"line":357,"column":8},"end":{"line":357,"column":14}},"162":{"start":{"line":360,"column":8},"end":{"line":360,"column":37}},"163":{"start":{"line":361,"column":8},"end":{"line":361,"column":14}},"164":{"start":{"line":365,"column":8},"end":{"line":365,"column":33}},"165":{"start":{"line":366,"column":8},"end":{"line":366,"column":14}},"166":{"start":{"line":369,"column":8},"end":{"line":369,"column":35}},"167":{"start":{"line":370,"column":8},"end":{"line":370,"column":14}},"168":{"start":{"line":373,"column":8},"end":{"line":373,"column":35}},"169":{"start":{"line":374,"column":8},"end":{"line":374,"column":14}},"170":{"start":{"line":377,"column":8},"end":{"line":377,"column":36}},"171":{"start":{"line":378,"column":8},"end":{"line":378,"column":14}},"172":{"start":{"line":381,"column":8},"end":{"line":408,"column":9}},"173":{"start":{"line":382,"column":23},"end":{"line":382,"column":55}},"174":{"start":{"line":383,"column":27},"end":{"line":383,"column":57}},"175":{"start":{"line":384,"column":10},"end":{"line":386,"column":11}},"176":{"start":{"line":385,"column":12},"end":{"line":385,"column":26}},"177":{"start":{"line":389,"column":13},"end":{"line":408,"column":9}},"178":{"start":{"line":390,"column":27},"end":{"line":390,"column":61}},"179":{"start":{"line":391,"column":10},"end":{"line":393,"column":11}},"180":{"start":{"line":392,"column":12},"end":{"line":392,"column":26}},"181":{"start":{"line":396,"column":13},"end":{"line":408,"column":9}},"182":{"start":{"line":397,"column":23},"end":{"line":397,"column":41}},"183":{"start":{"line":398,"column":27},"end":{"line":398,"column":51}},"184":{"start":{"line":399,"column":10},"end":{"line":403,"column":11}},"185":{"start":{"line":400,"column":12},"end":{"line":400,"column":26}},"186":{"start":{"line":402,"column":12},"end":{"line":402,"column":79}},"187":{"start":{"line":406,"column":13},"end":{"line":408,"column":9}},"188":{"start":{"line":407,"column":10},"end":{"line":407,"column":79}},"189":{"start":{"line":409,"column":8},"end":{"line":409,"column":14}},"190":{"start":{"line":413,"column":2},"end":{"line":413,"column":194}},"191":{"start":{"line":413,"column":153},"end":{"line":413,"column":182}},"192":{"start":{"line":414,"column":2},"end":{"line":414,"column":73}},"193":{"start":{"line":419,"column":22},"end":{"line":420,"column":59}},"194":{"start":{"line":421,"column":22},"end":{"line":422,"column":59}},"195":{"start":{"line":423,"column":21},"end":{"line":424,"column":57}},"196":{"start":{"line":425,"column":23},"end":{"line":426,"column":61}},"197":{"start":{"line":428,"column":2},"end":{"line":431,"column":55}},"198":{"start":{"line":435,"column":2},"end":{"line":435,"column":100}},"199":{"start":{"line":437,"column":2},"end":{"line":439,"column":17}},"200":{"start":{"line":438,"column":4},"end":{"line":438,"column":19}},"201":{"start":{"line":441,"column":21},"end":{"line":441,"column":84}},"202":{"start":{"line":442,"column":19},"end":{"line":442,"column":78}},"203":{"start":{"line":444,"column":2},"end":{"line":444,"column":40}},"204":{"start":{"line":445,"column":2},"end":{"line":445,"column":38}},"205":{"start":{"line":447,"column":2},"end":{"line":478,"column":5}},"206":{"start":{"line":449,"column":4},"end":{"line":449,"column":31}},"207":{"start":{"line":452,"column":24},"end":{"line":457,"column":6}},"208":{"start":{"line":460,"column":4},"end":{"line":467,"column":5}},"209":{"start":{"line":461,"column":6},"end":{"line":461,"column":284}},"210":{"start":{"line":462,"column":6},"end":{"line":466,"column":7}},"211":{"start":{"line":463,"column":8},"end":{"line":463,"column":31}},"212":{"start":{"line":464,"column":8},"end":{"line":464,"column":57}},"213":{"start":{"line":465,"column":8},"end":{"line":465,"column":72}},"214":{"start":{"line":465,"column":24},"end":{"line":465,"column":72}},"215":{"start":{"line":470,"column":4},"end":{"line":477,"column":5}},"216":{"start":{"line":471,"column":6},"end":{"line":471,"column":272}},"217":{"start":{"line":472,"column":6},"end":{"line":476,"column":7}},"218":{"start":{"line":473,"column":8},"end":{"line":473,"column":29}},"219":{"start":{"line":474,"column":8},"end":{"line":474,"column":74}},"220":{"start":{"line":475,"column":8},"end":{"line":475,"column":71}},"221":{"start":{"line":475,"column":24},"end":{"line":475,"column":71}},"222":{"start":{"line":480,"column":2},"end":{"line":497,"column":5}},"223":{"start":{"line":482,"column":4},"end":{"line":482,"column":34}},"224":{"start":{"line":485,"column":4},"end":{"line":487,"column":5}},"225":{"start":{"line":486,"column":6},"end":{"line":486,"column":30}},"226":{"start":{"line":490,"column":4},"end":{"line":496,"column":5}},"227":{"start":{"line":491,"column":6},"end":{"line":495,"column":7}},"228":{"start":{"line":492,"column":8},"end":{"line":492,"column":30}},"229":{"start":{"line":493,"column":8},"end":{"line":493,"column":75}},"230":{"start":{"line":494,"column":8},"end":{"line":494,"column":70}},"231":{"start":{"line":494,"column":24},"end":{"line":494,"column":70}},"232":{"start":{"line":499,"column":2},"end":{"line":503,"column":3}},"233":{"start":{"line":500,"column":4},"end":{"line":500,"column":20}},"234":{"start":{"line":502,"column":4},"end":{"line":502,"column":60}},"235":{"start":{"line":511,"column":0},"end":{"line":519,"column":3}},"236":{"start":{"line":512,"column":2},"end":{"line":518,"column":3}},"237":{"start":{"line":513,"column":4},"end":{"line":517,"column":5}},"238":{"start":{"line":514,"column":6},"end":{"line":514,"column":35}},"239":{"start":{"line":516,"column":6},"end":{"line":516,"column":27}},"240":{"start":{"line":522,"column":0},"end":{"line":527,"column":3}},"241":{"start":{"line":523,"column":2},"end":{"line":523,"column":135}},"242":{"start":{"line":524,"column":2},"end":{"line":526,"column":3}},"243":{"start":{"line":525,"column":4},"end":{"line":525,"column":55}},"244":{"start":{"line":529,"column":0},"end":{"line":539,"column":3}},"245":{"start":{"line":530,"column":2},"end":{"line":530,"column":79}},"246":{"start":{"line":532,"column":2},"end":{"line":532,"column":28}},"247":{"start":{"line":533,"column":2},"end":{"line":533,"column":21}},"248":{"start":{"line":534,"column":2},"end":{"line":538,"column":4}},"249":{"start":{"line":541,"column":0},"end":{"line":553,"column":3}},"250":{"start":{"line":543,"column":2},"end":{"line":545,"column":3}},"251":{"start":{"line":544,"column":4},"end":{"line":544,"column":28}},"252":{"start":{"line":548,"column":2},"end":{"line":552,"column":3}},"253":{"start":{"line":549,"column":4},"end":{"line":549,"column":19}},"254":{"start":{"line":551,"column":4},"end":{"line":551,"column":46}},"255":{"start":{"line":555,"column":0},"end":{"line":560,"column":3}},"256":{"start":{"line":562,"column":0},"end":{"line":568,"column":3}},"257":{"start":{"line":563,"column":2},"end":{"line":567,"column":3}},"258":{"start":{"line":564,"column":4},"end":{"line":564,"column":19}},"259":{"start":{"line":566,"column":4},"end":{"line":566,"column":22}},"260":{"start":{"line":573,"column":0},"end":{"line":582,"column":3}},"261":{"start":{"line":574,"column":2},"end":{"line":574,"column":86}},"262":{"start":{"line":574,"column":29},"end":{"line":574,"column":86}},"263":{"start":{"line":575,"column":2},"end":{"line":581,"column":3}},"264":{"start":{"line":576,"column":23},"end":{"line":576,"column":86}},"265":{"start":{"line":577,"column":4},"end":{"line":577,"column":41}},"266":{"start":{"line":579,"column":4},"end":{"line":579,"column":48}},"267":{"start":{"line":580,"column":4},"end":{"line":580,"column":16}},"268":{"start":{"line":584,"column":0},"end":{"line":593,"column":3}},"269":{"start":{"line":585,"column":2},"end":{"line":585,"column":72}},"270":{"start":{"line":585,"column":22},"end":{"line":585,"column":72}},"271":{"start":{"line":586,"column":2},"end":{"line":592,"column":3}},"272":{"start":{"line":587,"column":22},"end":{"line":587,"column":54}},"273":{"start":{"line":588,"column":4},"end":{"line":588,"column":40}},"274":{"start":{"line":590,"column":4},"end":{"line":590,"column":46}},"275":{"start":{"line":591,"column":4},"end":{"line":591,"column":16}},"276":{"start":{"line":595,"column":0},"end":{"line":604,"column":3}},"277":{"start":{"line":596,"column":2},"end":{"line":596,"column":70}},"278":{"start":{"line":596,"column":21},"end":{"line":596,"column":70}},"279":{"start":{"line":597,"column":2},"end":{"line":603,"column":3}},"280":{"start":{"line":598,"column":4},"end":{"line":598,"column":35}},"281":{"start":{"line":599,"column":4},"end":{"line":599,"column":29}},"282":{"start":{"line":601,"column":4},"end":{"line":601,"column":43}},"283":{"start":{"line":602,"column":4},"end":{"line":602,"column":16}},"284":{"start":{"line":606,"column":0},"end":{"line":621,"column":3}},"285":{"start":{"line":607,"column":2},"end":{"line":607,"column":61}},"286":{"start":{"line":607,"column":19},"end":{"line":607,"column":61}},"287":{"start":{"line":608,"column":2},"end":{"line":620,"column":3}},"288":{"start":{"line":609,"column":19},"end":{"line":615,"column":6}},"289":{"start":{"line":616,"column":4},"end":{"line":616,"column":81}},"290":{"start":{"line":618,"column":4},"end":{"line":618,"column":50}},"291":{"start":{"line":619,"column":4},"end":{"line":619,"column":16}},"292":{"start":{"line":623,"column":0},"end":{"line":625,"column":3}},"293":{"start":{"line":624,"column":2},"end":{"line":624,"column":56}},"294":{"start":{"line":627,"column":0},"end":{"line":629,"column":3}},"295":{"start":{"line":628,"column":2},"end":{"line":628,"column":24}},"296":{"start":{"line":631,"column":0},"end":{"line":636,"column":3}},"297":{"start":{"line":632,"column":2},"end":{"line":632,"column":65}},"298":{"start":{"line":633,"column":2},"end":{"line":633,"column":28}},"299":{"start":{"line":634,"column":2},"end":{"line":634,"column":21}},"300":{"start":{"line":635,"column":2},"end":{"line":635,"column":27}},"301":{"start":{"line":638,"column":0},"end":{"line":643,"column":3}},"302":{"start":{"line":639,"column":2},"end":{"line":639,"column":63}},"303":{"start":{"line":640,"column":2},"end":{"line":640,"column":26}},"304":{"start":{"line":641,"column":2},"end":{"line":641,"column":21}},"305":{"start":{"line":642,"column":2},"end":{"line":642,"column":27}},"306":{"start":{"line":647,"column":0},"end":{"line":656,"column":3}},"307":{"start":{"line":648,"column":2},"end":{"line":648,"column":76}},"308":{"start":{"line":648,"column":24},"end":{"line":648,"column":76}},"309":{"start":{"line":649,"column":2},"end":{"line":655,"column":3}},"310":{"start":{"line":650,"column":15},"end":{"line":650,"column":54}},"311":{"start":{"line":651,"column":4},"end":{"line":651,"column":33}},"312":{"start":{"line":653,"column":4},"end":{"line":653,"column":56}},"313":{"start":{"line":654,"column":4},"end":{"line":654,"column":16}},"314":{"start":{"line":658,"column":0},"end":{"line":667,"column":3}},"315":{"start":{"line":659,"column":2},"end":{"line":659,"column":76}},"316":{"start":{"line":659,"column":24},"end":{"line":659,"column":76}},"317":{"start":{"line":660,"column":2},"end":{"line":666,"column":3}},"318":{"start":{"line":661,"column":26},"end":{"line":661,"column":62}},"319":{"start":{"line":662,"column":4},"end":{"line":662,"column":44}},"320":{"start":{"line":664,"column":4},"end":{"line":664,"column":57}},"321":{"start":{"line":665,"column":4},"end":{"line":665,"column":16}},"322":{"start":{"line":669,"column":0},"end":{"line":678,"column":3}},"323":{"start":{"line":670,"column":2},"end":{"line":670,"column":76}},"324":{"start":{"line":670,"column":24},"end":{"line":670,"column":76}},"325":{"start":{"line":671,"column":2},"end":{"line":677,"column":3}},"326":{"start":{"line":672,"column":27},"end":{"line":672,"column":75}},"327":{"start":{"line":673,"column":4},"end":{"line":673,"column":45}},"328":{"start":{"line":675,"column":4},"end":{"line":675,"column":58}},"329":{"start":{"line":676,"column":4},"end":{"line":676,"column":16}},"330":{"start":{"line":680,"column":0},"end":{"line":689,"column":3}},"331":{"start":{"line":681,"column":2},"end":{"line":681,"column":72}},"332":{"start":{"line":681,"column":22},"end":{"line":681,"column":72}},"333":{"start":{"line":682,"column":2},"end":{"line":688,"column":3}},"334":{"start":{"line":683,"column":19},"end":{"line":683,"column":59}},"335":{"start":{"line":684,"column":4},"end":{"line":684,"column":40}},"336":{"start":{"line":686,"column":4},"end":{"line":686,"column":60}},"337":{"start":{"line":687,"column":4},"end":{"line":687,"column":16}},"338":{"start":{"line":691,"column":0},"end":{"line":700,"column":3}},"339":{"start":{"line":692,"column":2},"end":{"line":692,"column":76}},"340":{"start":{"line":692,"column":24},"end":{"line":692,"column":76}},"341":{"start":{"line":693,"column":2},"end":{"line":699,"column":3}},"342":{"start":{"line":694,"column":4},"end":{"line":694,"column":53}},"343":{"start":{"line":695,"column":4},"end":{"line":695,"column":29}},"344":{"start":{"line":697,"column":4},"end":{"line":697,"column":58}},"345":{"start":{"line":698,"column":4},"end":{"line":698,"column":16}},"346":{"start":{"line":702,"column":0},"end":{"line":711,"column":3}},"347":{"start":{"line":703,"column":2},"end":{"line":703,"column":76}},"348":{"start":{"line":703,"column":24},"end":{"line":703,"column":76}},"349":{"start":{"line":704,"column":2},"end":{"line":710,"column":3}},"350":{"start":{"line":705,"column":4},"end":{"line":705,"column":44}},"351":{"start":{"line":706,"column":4},"end":{"line":706,"column":29}},"352":{"start":{"line":708,"column":4},"end":{"line":708,"column":58}},"353":{"start":{"line":709,"column":4},"end":{"line":709,"column":16}},"354":{"start":{"line":713,"column":0},"end":{"line":722,"column":3}},"355":{"start":{"line":714,"column":2},"end":{"line":714,"column":76}},"356":{"start":{"line":714,"column":24},"end":{"line":714,"column":76}},"357":{"start":{"line":715,"column":2},"end":{"line":721,"column":3}},"358":{"start":{"line":716,"column":4},"end":{"line":716,"column":39}},"359":{"start":{"line":717,"column":4},"end":{"line":717,"column":29}},"360":{"start":{"line":719,"column":4},"end":{"line":719,"column":53}},"361":{"start":{"line":720,"column":4},"end":{"line":720,"column":16}},"362":{"start":{"line":724,"column":0},"end":{"line":733,"column":3}},"363":{"start":{"line":725,"column":2},"end":{"line":725,"column":76}},"364":{"start":{"line":725,"column":24},"end":{"line":725,"column":76}},"365":{"start":{"line":726,"column":2},"end":{"line":732,"column":3}},"366":{"start":{"line":727,"column":17},"end":{"line":727,"column":66}},"367":{"start":{"line":728,"column":4},"end":{"line":728,"column":35}},"368":{"start":{"line":730,"column":4},"end":{"line":730,"column":60}},"369":{"start":{"line":731,"column":4},"end":{"line":731,"column":16}},"370":{"start":{"line":735,"column":0},"end":{"line":744,"column":3}},"371":{"start":{"line":736,"column":2},"end":{"line":736,"column":76}},"372":{"start":{"line":736,"column":24},"end":{"line":736,"column":76}},"373":{"start":{"line":737,"column":2},"end":{"line":743,"column":3}},"374":{"start":{"line":738,"column":18},"end":{"line":738,"column":44}},"375":{"start":{"line":739,"column":4},"end":{"line":739,"column":36}},"376":{"start":{"line":741,"column":4},"end":{"line":741,"column":49}},"377":{"start":{"line":742,"column":4},"end":{"line":742,"column":16}}},"fnMap":{"0":{"name":"(anonymous_1)","decl":{"start":{"line":29,"column":21},"end":{"line":29,"column":24}},"loc":{"start":{"line":29,"column":26},"end":{"line":77,"column":1}}},"1":{"name":"(anonymous_2)","decl":{"start":{"line":50,"column":35},"end":{"line":50,"column":38}},"loc":{"start":{"line":50,"column":40},"end":{"line":52,"column":3}}},"2":{"name":"(anonymous_3)","decl":{"start":{"line":66,"column":25},"end":{"line":66,"column":26}},"loc":{"start":{"line":66,"column":35},"end":{"line":72,"column":3}}},"3":{"name":"(anonymous_4)","decl":{"start":{"line":74,"column":26},"end":{"line":74,"column":29}},"loc":{"start":{"line":74,"column":31},"end":{"line":76,"column":3}}},"4":{"name":"(anonymous_5)","decl":{"start":{"line":79,"column":28},"end":{"line":79,"column":31}},"loc":{"start":{"line":79,"column":33},"end":{"line":119,"column":1}}},"5":{"name":"(anonymous_6)","decl":{"start":{"line":116,"column":29},"end":{"line":116,"column":32}},"loc":{"start":{"line":116,"column":34},"end":{"line":118,"column":3}}},"6":{"name":"(anonymous_7)","decl":{"start":{"line":121,"column":19},"end":{"line":121,"column":22}},"loc":{"start":{"line":121,"column":24},"end":{"line":155,"column":1}}},"7":{"name":"(anonymous_8)","decl":{"start":{"line":132,"column":34},"end":{"line":132,"column":37}},"loc":{"start":{"line":132,"column":40},"end":{"line":132,"column":58}}},"8":{"name":"(anonymous_9)","decl":{"start":{"line":135,"column":30},"end":{"line":135,"column":33}},"loc":{"start":{"line":135,"column":35},"end":{"line":138,"column":9}}},"9":{"name":"(anonymous_10)","decl":{"start":{"line":145,"column":21},"end":{"line":145,"column":24}},"loc":{"start":{"line":145,"column":26},"end":{"line":151,"column":5}}},"10":{"name":"(anonymous_11)","decl":{"start":{"line":157,"column":19},"end":{"line":157,"column":22}},"loc":{"start":{"line":157,"column":24},"end":{"line":193,"column":1}}},"11":{"name":"(anonymous_12)","decl":{"start":{"line":165,"column":17},"end":{"line":165,"column":20}},"loc":{"start":{"line":165,"column":22},"end":{"line":167,"column":11}}},"12":{"name":"(anonymous_13)","decl":{"start":{"line":172,"column":17},"end":{"line":172,"column":20}},"loc":{"start":{"line":172,"column":22},"end":{"line":175,"column":11}}},"13":{"name":"(anonymous_14)","decl":{"start":{"line":195,"column":16},"end":{"line":195,"column":19}},"loc":{"start":{"line":195,"column":21},"end":{"line":225,"column":1}}},"14":{"name":"(anonymous_15)","decl":{"start":{"line":228,"column":37},"end":{"line":228,"column":40}},"loc":{"start":{"line":228,"column":42},"end":{"line":240,"column":1}}},"15":{"name":"(anonymous_16)","decl":{"start":{"line":243,"column":30},"end":{"line":243,"column":33}},"loc":{"start":{"line":243,"column":35},"end":{"line":246,"column":1}}},"16":{"name":"(anonymous_17)","decl":{"start":{"line":249,"column":31},"end":{"line":249,"column":32}},"loc":{"start":{"line":249,"column":78},"end":{"line":267,"column":1}}},"17":{"name":"parseShortcutToKeyCodes","decl":{"start":{"line":279,"column":9},"end":{"line":279,"column":32}},"loc":{"start":{"line":279,"column":49},"end":{"line":415,"column":1}}},"18":{"name":"(anonymous_19)","decl":{"start":{"line":286,"column":40},"end":{"line":286,"column":41}},"loc":{"start":{"line":286,"column":45},"end":{"line":286,"column":53}}},"19":{"name":"(anonymous_20)","decl":{"start":{"line":413,"column":147},"end":{"line":413,"column":148}},"loc":{"start":{"line":413,"column":153},"end":{"line":413,"column":182}}},"20":{"name":"checkModifiers","decl":{"start":{"line":418,"column":9},"end":{"line":418,"column":23}},"loc":{"start":{"line":418,"column":80},"end":{"line":432,"column":1}}},"21":{"name":"refreshShortcuts","decl":{"start":{"line":434,"column":9},"end":{"line":434,"column":25}},"loc":{"start":{"line":434,"column":25},"end":{"line":504,"column":1}}},"22":{"name":"(anonymous_23)","decl":{"start":{"line":447,"column":24},"end":{"line":447,"column":25}},"loc":{"start":{"line":447,"column":35},"end":{"line":478,"column":3}}},"23":{"name":"(anonymous_24)","decl":{"start":{"line":480,"column":22},"end":{"line":480,"column":23}},"loc":{"start":{"line":480,"column":33},"end":{"line":497,"column":3}}},"24":{"name":"(anonymous_25)","decl":{"start":{"line":511,"column":34},"end":{"line":511,"column":35}},"loc":{"start":{"line":511,"column":77},"end":{"line":519,"column":1}}},"25":{"name":"(anonymous_26)","decl":{"start":{"line":522,"column":25},"end":{"line":522,"column":26}},"loc":{"start":{"line":522,"column":61},"end":{"line":527,"column":1}}},"26":{"name":"(anonymous_27)","decl":{"start":{"line":529,"column":41},"end":{"line":529,"column":42}},"loc":{"start":{"line":529,"column":90},"end":{"line":539,"column":1}}},"27":{"name":"(anonymous_28)","decl":{"start":{"line":541,"column":20},"end":{"line":541,"column":23}},"loc":{"start":{"line":541,"column":25},"end":{"line":553,"column":1}}},"28":{"name":"(anonymous_29)","decl":{"start":{"line":555,"column":28},"end":{"line":555,"column":31}},"loc":{"start":{"line":555,"column":33},"end":{"line":560,"column":1}}},"29":{"name":"(anonymous_30)","decl":{"start":{"line":562,"column":19},"end":{"line":562,"column":22}},"loc":{"start":{"line":562,"column":24},"end":{"line":568,"column":1}}},"30":{"name":"(anonymous_31)","decl":{"start":{"line":573,"column":35},"end":{"line":573,"column":40}},"loc":{"start":{"line":573,"column":98},"end":{"line":582,"column":1}}},"31":{"name":"(anonymous_32)","decl":{"start":{"line":584,"column":30},"end":{"line":584,"column":35}},"loc":{"start":{"line":584,"column":81},"end":{"line":593,"column":1}}},"32":{"name":"(anonymous_33)","decl":{"start":{"line":595,"column":29},"end":{"line":595,"column":34}},"loc":{"start":{"line":595,"column":80},"end":{"line":604,"column":1}}},"33":{"name":"(anonymous_34)","decl":{"start":{"line":606,"column":36},"end":{"line":606,"column":41}},"loc":{"start":{"line":606,"column":47},"end":{"line":621,"column":1}}},"34":{"name":"(anonymous_35)","decl":{"start":{"line":623,"column":32},"end":{"line":623,"column":35}},"loc":{"start":{"line":623,"column":37},"end":{"line":625,"column":1}}},"35":{"name":"(anonymous_36)","decl":{"start":{"line":627,"column":38},"end":{"line":627,"column":41}},"loc":{"start":{"line":627,"column":43},"end":{"line":629,"column":1}}},"36":{"name":"(anonymous_37)","decl":{"start":{"line":631,"column":38},"end":{"line":631,"column":39}},"loc":{"start":{"line":631,"column":87},"end":{"line":636,"column":1}}},"37":{"name":"(anonymous_38)","decl":{"start":{"line":638,"column":36},"end":{"line":638,"column":37}},"loc":{"start":{"line":638,"column":85},"end":{"line":643,"column":1}}},"38":{"name":"(anonymous_39)","decl":{"start":{"line":647,"column":40},"end":{"line":647,"column":41}},"loc":{"start":{"line":647,"column":98},"end":{"line":656,"column":1}}},"39":{"name":"(anonymous_40)","decl":{"start":{"line":658,"column":39},"end":{"line":658,"column":40}},"loc":{"start":{"line":658,"column":82},"end":{"line":667,"column":1}}},"40":{"name":"(anonymous_41)","decl":{"start":{"line":669,"column":40},"end":{"line":669,"column":41}},"loc":{"start":{"line":669,"column":86},"end":{"line":678,"column":1}}},"41":{"name":"(anonymous_42)","decl":{"start":{"line":680,"column":28},"end":{"line":680,"column":29}},"loc":{"start":{"line":680,"column":89},"end":{"line":689,"column":1}}},"42":{"name":"(anonymous_43)","decl":{"start":{"line":691,"column":42},"end":{"line":691,"column":43}},"loc":{"start":{"line":691,"column":99},"end":{"line":700,"column":1}}},"43":{"name":"(anonymous_44)","decl":{"start":{"line":702,"column":42},"end":{"line":702,"column":43}},"loc":{"start":{"line":702,"column":85},"end":{"line":711,"column":1}}},"44":{"name":"(anonymous_45)","decl":{"start":{"line":713,"column":37},"end":{"line":713,"column":38}},"loc":{"start":{"line":713,"column":80},"end":{"line":722,"column":1}}},"45":{"name":"(anonymous_46)","decl":{"start":{"line":724,"column":28},"end":{"line":724,"column":29}},"loc":{"start":{"line":724,"column":111},"end":{"line":733,"column":1}}},"46":{"name":"(anonymous_47)","decl":{"start":{"line":735,"column":31},"end":{"line":735,"column":34}},"loc":{"start":{"line":735,"column":36},"end":{"line":744,"column":1}}}},"branchMap":{"0":{"loc":{"start":{"line":55,"column":19},"end":{"line":57,"column":61}},"type":"cond-expr","locations":[{"start":{"line":56,"column":6},"end":{"line":56,"column":29}},{"start":{"line":57,"column":6},"end":{"line":57,"column":61}}]},"1":{"loc":{"start":{"line":61,"column":2},"end":{"line":63,"column":3}},"type":"if","locations":[{"start":{"line":61,"column":2},"end":{"line":63,"column":3}},{"start":{},"end":{}}]},"2":{"loc":{"start":{"line":67,"column":4},"end":{"line":70,"column":5}},"type":"if","locations":[{"start":{"line":67,"column":4},"end":{"line":70,"column":5}},{"start":{},"end":{}}]},"3":{"loc":{"start":{"line":107,"column":19},"end":{"line":109,"column":70}},"type":"cond-expr","locations":[{"start":{"line":108,"column":6},"end":{"line":108,"column":39}},{"start":{"line":109,"column":6},"end":{"line":109,"column":70}}]},"4":{"loc":{"start":{"line":146,"column":6},"end":{"line":150,"column":7}},"type":"if","locations":[{"start":{"line":146,"column":6},"end":{"line":150,"column":7}},{"start":{"line":148,"column":13},"end":{"line":150,"column":7}}]},"5":{"loc":{"start":{"line":166,"column":12},"end":{"line":166,"column":46}},"type":"if","locations":[{"start":{"line":166,"column":12},"end":{"line":166,"column":46}},{"start":{},"end":{}}]},"6":{"loc":{"start":{"line":199,"column":17},"end":{"line":199,"column":48}},"type":"binary-expr","locations":[{"start":{"line":199,"column":17},"end":{"line":199,"column":42}},{"start":{"line":199,"column":46},"end":{"line":199,"column":48}}]},"7":{"loc":{"start":{"line":203,"column":2},"end":{"line":207,"column":3}},"type":"if","locations":[{"start":{"line":203,"column":2},"end":{"line":207,"column":3}},{"start":{"line":205,"column":9},"end":{"line":207,"column":3}}]},"8":{"loc":{"start":{"line":205,"column":9},"end":{"line":207,"column":3}},"type":"if","locations":[{"start":{"line":205,"column":9},"end":{"line":207,"column":3}},{"start":{},"end":{}}]},"9":{"loc":{"start":{"line":229,"column":2},"end":{"line":231,"column":3}},"type":"if","locations":[{"start":{"line":229,"column":2},"end":{"line":231,"column":3}},{"start":{},"end":{}}]},"10":{"loc":{"start":{"line":232,"column":17},"end":{"line":232,"column":48}},"type":"binary-expr","locations":[{"start":{"line":232,"column":17},"end":{"line":232,"column":42}},{"start":{"line":232,"column":46},"end":{"line":232,"column":48}}]},"11":{"loc":{"start":{"line":233,"column":2},"end":{"line":235,"column":3}},"type":"if","locations":[{"start":{"line":233,"column":2},"end":{"line":235,"column":3}},{"start":{},"end":{}}]},"12":{"loc":{"start":{"line":236,"column":2},"end":{"line":238,"column":3}},"type":"if","locations":[{"start":{"line":236,"column":2},"end":{"line":238,"column":3}},{"start":{},"end":{}}]},"13":{"loc":{"start":{"line":244,"column":2},"end":{"line":244,"column":32}},"type":"if","locations":[{"start":{"line":244,"column":2},"end":{"line":244,"column":32}},{"start":{},"end":{}}]},"14":{"loc":{"start":{"line":245,"column":9},"end":{"line":245,"column":40}},"type":"binary-expr","locations":[{"start":{"line":245,"column":9},"end":{"line":245,"column":34}},{"start":{"line":245,"column":38},"end":{"line":245,"column":40}}]},"15":{"loc":{"start":{"line":250,"column":2},"end":{"line":252,"column":3}},"type":"if","locations":[{"start":{"line":250,"column":2},"end":{"line":252,"column":3}},{"start":{},"end":{}}]},"16":{"loc":{"start":{"line":255,"column":2},"end":{"line":257,"column":3}},"type":"if","locations":[{"start":{"line":255,"column":2},"end":{"line":257,"column":3}},{"start":{},"end":{}}]},"17":{"loc":{"start":{"line":255,"column":6},"end":{"line":255,"column":42}},"type":"binary-expr","locations":[{"start":{"line":255,"column":6},"end":{"line":255,"column":13}},{"start":{"line":255,"column":17},"end":{"line":255,"column":42}}]},"18":{"loc":{"start":{"line":270,"column":21},"end":{"line":270,"column":95}},"type":"cond-expr","locations":[{"start":{"line":270,"column":53},"end":{"line":270,"column":74}},{"start":{"line":270,"column":77},"end":{"line":270,"column":95}}]},"19":{"loc":{"start":{"line":297,"column":4},"end":{"line":410,"column":5}},"type":"switch","locations":[{"start":{"line":298,"column":6},"end":{"line":298,"column":21}},{"start":{"line":299,"column":6},"end":{"line":301,"column":14}},{"start":{"line":302,"column":6},"end":{"line":302,"column":18}},{"start":{"line":303,"column":6},"end":{"line":305,"column":14}},{"start":{"line":306,"column":6},"end":{"line":308,"column":14}},{"start":{"line":309,"column":6},"end":{"line":311,"column":14}},{"start":{"line":313,"column":6},"end":{"line":315,"column":14}},{"start":{"line":316,"column":6},"end":{"line":316,"column":20}},{"start":{"line":317,"column":6},"end":{"line":319,"column":14}},{"start":{"line":320,"column":6},"end":{"line":320,"column":20}},{"start":{"line":321,"column":6},"end":{"line":323,"column":14}},{"start":{"line":324,"column":6},"end":{"line":326,"column":14}},{"start":{"line":327,"column":6},"end":{"line":329,"column":14}},{"start":{"line":330,"column":6},"end":{"line":332,"column":14}},{"start":{"line":333,"column":6},"end":{"line":335,"column":14}},{"start":{"line":336,"column":6},"end":{"line":338,"column":14}},{"start":{"line":339,"column":6},"end":{"line":341,"column":14}},{"start":{"line":343,"column":6},"end":{"line":345,"column":14}},{"start":{"line":346,"column":6},"end":{"line":348,"column":14}},{"start":{"line":349,"column":6},"end":{"line":351,"column":14}},{"start":{"line":352,"column":6},"end":{"line":354,"column":14}},{"start":{"line":355,"column":6},"end":{"line":357,"column":14}},{"start":{"line":358,"column":6},"end":{"line":358,"column":25}},{"start":{"line":359,"column":6},"end":{"line":361,"column":14}},{"start":{"line":363,"column":6},"end":{"line":363,"column":16}},{"start":{"line":364,"column":6},"end":{"line":366,"column":14}},{"start":{"line":367,"column":6},"end":{"line":367,"column":18}},{"start":{"line":368,"column":6},"end":{"line":370,"column":14}},{"start":{"line":371,"column":6},"end":{"line":371,"column":18}},{"start":{"line":372,"column":6},"end":{"line":374,"column":14}},{"start":{"line":375,"column":6},"end":{"line":375,"column":19}},{"start":{"line":376,"column":6},"end":{"line":378,"column":14}},{"start":{"line":379,"column":6},"end":{"line":409,"column":14}}]},"20":{"loc":{"start":{"line":381,"column":8},"end":{"line":408,"column":9}},"type":"if","locations":[{"start":{"line":381,"column":8},"end":{"line":408,"column":9}},{"start":{"line":389,"column":13},"end":{"line":408,"column":9}}]},"21":{"loc":{"start":{"line":384,"column":10},"end":{"line":386,"column":11}},"type":"if","locations":[{"start":{"line":384,"column":10},"end":{"line":386,"column":11}},{"start":{},"end":{}}]},"22":{"loc":{"start":{"line":389,"column":13},"end":{"line":408,"column":9}},"type":"if","locations":[{"start":{"line":389,"column":13},"end":{"line":408,"column":9}},{"start":{"line":396,"column":13},"end":{"line":408,"column":9}}]},"23":{"loc":{"start":{"line":391,"column":10},"end":{"line":393,"column":11}},"type":"if","locations":[{"start":{"line":391,"column":10},"end":{"line":393,"column":11}},{"start":{},"end":{}}]},"24":{"loc":{"start":{"line":396,"column":13},"end":{"line":408,"column":9}},"type":"if","locations":[{"start":{"line":396,"column":13},"end":{"line":408,"column":9}},{"start":{"line":406,"column":13},"end":{"line":408,"column":9}}]},"25":{"loc":{"start":{"line":399,"column":10},"end":{"line":403,"column":11}},"type":"if","locations":[{"start":{"line":399,"column":10},"end":{"line":403,"column":11}},{"start":{"line":401,"column":17},"end":{"line":403,"column":11}}]},"26":{"loc":{"start":{"line":406,"column":13},"end":{"line":408,"column":9}},"type":"if","locations":[{"start":{"line":406,"column":13},"end":{"line":408,"column":9}},{"start":{},"end":{}}]},"27":{"loc":{"start":{"line":413,"column":112},"end":{"line":413,"column":190}},"type":"cond-expr","locations":[{"start":{"line":413,"column":118},"end":{"line":413,"column":183}},{"start":{"line":413,"column":186},"end":{"line":413,"column":190}}]},"28":{"loc":{"start":{"line":419,"column":22},"end":{"line":420,"column":59}},"type":"binary-expr","locations":[{"start":{"line":419,"column":22},"end":{"line":419,"column":54}},{"start":{"line":420,"column":22},"end":{"line":420,"column":59}}]},"29":{"loc":{"start":{"line":421,"column":22},"end":{"line":422,"column":59}},"type":"binary-expr","locations":[{"start":{"line":421,"column":22},"end":{"line":421,"column":54}},{"start":{"line":422,"column":22},"end":{"line":422,"column":59}}]},"30":{"loc":{"start":{"line":423,"column":21},"end":{"line":424,"column":57}},"type":"binary-expr","locations":[{"start":{"line":423,"column":21},"end":{"line":423,"column":52}},{"start":{"line":424,"column":21},"end":{"line":424,"column":57}}]},"31":{"loc":{"start":{"line":425,"column":23},"end":{"line":426,"column":61}},"type":"binary-expr","locations":[{"start":{"line":425,"column":23},"end":{"line":425,"column":56}},{"start":{"line":426,"column":23},"end":{"line":426,"column":61}}]},"32":{"loc":{"start":{"line":428,"column":9},"end":{"line":431,"column":54}},"type":"binary-expr","locations":[{"start":{"line":428,"column":10},"end":{"line":428,"column":51}},{"start":{"line":429,"column":10},"end":{"line":429,"column":51}},{"start":{"line":430,"column":10},"end":{"line":430,"column":49}},{"start":{"line":431,"column":10},"end":{"line":431,"column":53}}]},"33":{"loc":{"start":{"line":441,"column":21},"end":{"line":441,"column":84}},"type":"cond-expr","locations":[{"start":{"line":441,"column":38},"end":{"line":441,"column":77}},{"start":{"line":441,"column":80},"end":{"line":441,"column":84}}]},"34":{"loc":{"start":{"line":442,"column":19},"end":{"line":442,"column":78}},"type":"cond-expr","locations":[{"start":{"line":442,"column":34},"end":{"line":442,"column":71}},{"start":{"line":442,"column":74},"end":{"line":442,"column":78}}]},"35":{"loc":{"start":{"line":453,"column":12},"end":{"line":453,"column":85}},"type":"binary-expr","locations":[{"start":{"line":453,"column":12},"end":{"line":453,"column":44}},{"start":{"line":453,"column":48},"end":{"line":453,"column":85}}]},"36":{"loc":{"start":{"line":454,"column":12},"end":{"line":454,"column":85}},"type":"binary-expr","locations":[{"start":{"line":454,"column":12},"end":{"line":454,"column":44}},{"start":{"line":454,"column":48},"end":{"line":454,"column":85}}]},"37":{"loc":{"start":{"line":455,"column":11},"end":{"line":455,"column":82}},"type":"binary-expr","locations":[{"start":{"line":455,"column":11},"end":{"line":455,"column":42}},{"start":{"line":455,"column":46},"end":{"line":455,"column":82}}]},"38":{"loc":{"start":{"line":456,"column":13},"end":{"line":456,"column":88}},"type":"binary-expr","locations":[{"start":{"line":456,"column":13},"end":{"line":456,"column":46}},{"start":{"line":456,"column":50},"end":{"line":456,"column":88}}]},"39":{"loc":{"start":{"line":460,"column":4},"end":{"line":467,"column":5}},"type":"if","locations":[{"start":{"line":460,"column":4},"end":{"line":467,"column":5}},{"start":{},"end":{}}]},"40":{"loc":{"start":{"line":460,"column":8},"end":{"line":460,"column":77}},"type":"binary-expr","locations":[{"start":{"line":460,"column":8},"end":{"line":460,"column":18}},{"start":{"line":460,"column":22},"end":{"line":460,"column":45}},{"start":{"line":460,"column":49},"end":{"line":460,"column":77}}]},"41":{"loc":{"start":{"line":462,"column":6},"end":{"line":466,"column":7}},"type":"if","locations":[{"start":{"line":462,"column":6},"end":{"line":466,"column":7}},{"start":{},"end":{}}]},"42":{"loc":{"start":{"line":462,"column":10},"end":{"line":462,"column":56}},"type":"binary-expr","locations":[{"start":{"line":462,"column":10},"end":{"line":462,"column":26}},{"start":{"line":462,"column":30},"end":{"line":462,"column":56}}]},"43":{"loc":{"start":{"line":465,"column":8},"end":{"line":465,"column":72}},"type":"if","locations":[{"start":{"line":465,"column":8},"end":{"line":465,"column":72}},{"start":{},"end":{}}]},"44":{"loc":{"start":{"line":470,"column":4},"end":{"line":477,"column":5}},"type":"if","locations":[{"start":{"line":470,"column":4},"end":{"line":477,"column":5}},{"start":{},"end":{}}]},"45":{"loc":{"start":{"line":470,"column":8},"end":{"line":470,"column":71}},"type":"binary-expr","locations":[{"start":{"line":470,"column":8},"end":{"line":470,"column":16}},{"start":{"line":470,"column":20},"end":{"line":470,"column":41}},{"start":{"line":470,"column":45},"end":{"line":470,"column":71}}]},"46":{"loc":{"start":{"line":472,"column":6},"end":{"line":476,"column":7}},"type":"if","locations":[{"start":{"line":472,"column":6},"end":{"line":476,"column":7}},{"start":{},"end":{}}]},"47":{"loc":{"start":{"line":472,"column":10},"end":{"line":472,"column":52}},"type":"binary-expr","locations":[{"start":{"line":472,"column":10},"end":{"line":472,"column":24}},{"start":{"line":472,"column":28},"end":{"line":472,"column":52}}]},"48":{"loc":{"start":{"line":475,"column":8},"end":{"line":475,"column":71}},"type":"if","locations":[{"start":{"line":475,"column":8},"end":{"line":475,"column":71}},{"start":{},"end":{}}]},"49":{"loc":{"start":{"line":485,"column":4},"end":{"line":487,"column":5}},"type":"if","locations":[{"start":{"line":485,"column":4},"end":{"line":487,"column":5}},{"start":{},"end":{}}]},"50":{"loc":{"start":{"line":485,"column":8},"end":{"line":485,"column":77}},"type":"binary-expr","locations":[{"start":{"line":485,"column":8},"end":{"line":485,"column":18}},{"start":{"line":485,"column":22},"end":{"line":485,"column":45}},{"start":{"line":485,"column":49},"end":{"line":485,"column":77}}]},"51":{"loc":{"start":{"line":490,"column":4},"end":{"line":496,"column":5}},"type":"if","locations":[{"start":{"line":490,"column":4},"end":{"line":496,"column":5}},{"start":{},"end":{}}]},"52":{"loc":{"start":{"line":490,"column":8},"end":{"line":490,"column":71}},"type":"binary-expr","locations":[{"start":{"line":490,"column":8},"end":{"line":490,"column":16}},{"start":{"line":490,"column":20},"end":{"line":490,"column":41}},{"start":{"line":490,"column":45},"end":{"line":490,"column":71}}]},"53":{"loc":{"start":{"line":491,"column":6},"end":{"line":495,"column":7}},"type":"if","locations":[{"start":{"line":491,"column":6},"end":{"line":495,"column":7}},{"start":{},"end":{}}]},"54":{"loc":{"start":{"line":494,"column":8},"end":{"line":494,"column":70}},"type":"if","locations":[{"start":{"line":494,"column":8},"end":{"line":494,"column":70}},{"start":{},"end":{}}]},"55":{"loc":{"start":{"line":512,"column":2},"end":{"line":518,"column":3}},"type":"if","locations":[{"start":{"line":512,"column":2},"end":{"line":518,"column":3}},{"start":{},"end":{}}]},"56":{"loc":{"start":{"line":513,"column":4},"end":{"line":517,"column":5}},"type":"if","locations":[{"start":{"line":513,"column":4},"end":{"line":517,"column":5}},{"start":{"line":515,"column":11},"end":{"line":517,"column":5}}]},"57":{"loc":{"start":{"line":524,"column":2},"end":{"line":526,"column":3}},"type":"if","locations":[{"start":{"line":524,"column":2},"end":{"line":526,"column":3}},{"start":{},"end":{}}]},"58":{"loc":{"start":{"line":524,"column":6},"end":{"line":524,"column":51}},"type":"binary-expr","locations":[{"start":{"line":524,"column":6},"end":{"line":524,"column":19}},{"start":{"line":524,"column":23},"end":{"line":524,"column":51}}]},"59":{"loc":{"start":{"line":543,"column":2},"end":{"line":545,"column":3}},"type":"if","locations":[{"start":{"line":543,"column":2},"end":{"line":545,"column":3}},{"start":{},"end":{}}]},"60":{"loc":{"start":{"line":563,"column":2},"end":{"line":567,"column":3}},"type":"if","locations":[{"start":{"line":563,"column":2},"end":{"line":567,"column":3}},{"start":{"line":565,"column":9},"end":{"line":567,"column":3}}]},"61":{"loc":{"start":{"line":574,"column":2},"end":{"line":574,"column":86}},"type":"if","locations":[{"start":{"line":574,"column":2},"end":{"line":574,"column":86}},{"start":{},"end":{}}]},"62":{"loc":{"start":{"line":585,"column":2},"end":{"line":585,"column":72}},"type":"if","locations":[{"start":{"line":585,"column":2},"end":{"line":585,"column":72}},{"start":{},"end":{}}]},"63":{"loc":{"start":{"line":596,"column":2},"end":{"line":596,"column":70}},"type":"if","locations":[{"start":{"line":596,"column":2},"end":{"line":596,"column":70}},{"start":{},"end":{}}]},"64":{"loc":{"start":{"line":607,"column":2},"end":{"line":607,"column":61}},"type":"if","locations":[{"start":{"line":607,"column":2},"end":{"line":607,"column":61}},{"start":{},"end":{}}]},"65":{"loc":{"start":{"line":616,"column":51},"end":{"line":616,"column":78}},"type":"binary-expr","locations":[{"start":{"line":616,"column":51},"end":{"line":616,"column":70}},{"start":{"line":616,"column":74},"end":{"line":616,"column":78}}]},"66":{"loc":{"start":{"line":648,"column":2},"end":{"line":648,"column":76}},"type":"if","locations":[{"start":{"line":648,"column":2},"end":{"line":648,"column":76}},{"start":{},"end":{}}]},"67":{"loc":{"start":{"line":659,"column":2},"end":{"line":659,"column":76}},"type":"if","locations":[{"start":{"line":659,"column":2},"end":{"line":659,"column":76}},{"start":{},"end":{}}]},"68":{"loc":{"start":{"line":670,"column":2},"end":{"line":670,"column":76}},"type":"if","locations":[{"start":{"line":670,"column":2},"end":{"line":670,"column":76}},{"start":{},"end":{}}]},"69":{"loc":{"start":{"line":672,"column":61},"end":{"line":672,"column":74}},"type":"binary-expr","locations":[{"start":{"line":672,"column":61},"end":{"line":672,"column":68}},{"start":{"line":672,"column":72},"end":{"line":672,"column":74}}]},"70":{"loc":{"start":{"line":681,"column":2},"end":{"line":681,"column":72}},"type":"if","locations":[{"start":{"line":681,"column":2},"end":{"line":681,"column":72}},{"start":{},"end":{}}]},"71":{"loc":{"start":{"line":692,"column":2},"end":{"line":692,"column":76}},"type":"if","locations":[{"start":{"line":692,"column":2},"end":{"line":692,"column":76}},{"start":{},"end":{}}]},"72":{"loc":{"start":{"line":703,"column":2},"end":{"line":703,"column":76}},"type":"if","locations":[{"start":{"line":703,"column":2},"end":{"line":703,"column":76}},{"start":{},"end":{}}]},"73":{"loc":{"start":{"line":714,"column":2},"end":{"line":714,"column":76}},"type":"if","locations":[{"start":{"line":714,"column":2},"end":{"line":714,"column":76}},{"start":{},"end":{}}]},"74":{"loc":{"start":{"line":725,"column":2},"end":{"line":725,"column":76}},"type":"if","locations":[{"start":{"line":725,"column":2},"end":{"line":725,"column":76}},{"start":{},"end":{}}]},"75":{"loc":{"start":{"line":736,"column":2},"end":{"line":736,"column":76}},"type":"if","locations":[{"start":{"line":736,"column":2},"end":{"line":736,"column":76}},{"start":{},"end":{}}]}},"s":{"0":0,"1":0,"2":0,"3":0,"4":0,"5":0,"6":0,"7":0,"8":0,"9":0,"10":0,"11":0,"12":0,"13":0,"14":0,"15":0,"16":0,"17":0,"18":0,"19":0,"20":0,"21":0,"22":0,"23":0,"24":0,"25":0,"26":0,"27":0,"28":0,"29":0,"30":0,"31":0,"32":0,"33":0,"34":0,"35":0,"36":0,"37":0,"38":0,"39":0,"40":0,"41":0,"42":0,"43":0,"44":0,"45":0,"46":0,"47":0,"48":0,"49":0,"50":0,"51":0,"52":0,"53":0,"54":0,"55":0,"56":0,"57":0,"58":0,"59":0,"60":0,"61":0,"62":0,"63":0,"64":0,"65":0,"66":0,"67":0,"68":0,"69":0,"70":0,"71":0,"72":0,"73":0,"74":0,"75":0,"76":0,"77":0,"78":0,"79":0,"80":0,"81":0,"82":0,"83":0,"84":0,"85":0,"86":0,"87":0,"88":0,"89":0,"90":0,"91":0,"92":0,"93":0,"94":0,"95":0,"96":0,"97":0,"98":0,"99":0,"100":0,"101":0,"102":0,"103":0,"104":0,"105":0,"106":0,"107":0,"108":0,"109":0,"110":0,"111":0,"112":0,"113":0,"114":0,"115":0,"116":0,"117":0,"118":0,"119":0,"120":0,"121":0,"122":0,"123":0,"124":0,"125":0,"126":0,"127":0,"128":0,"129":0,"130":0,"131":0,"132":0,"133":0,"134":0,"135":0,"136":0,"137":0,"138":0,"139":0,"140":0,"141":0,"142":0,"143":0,"144":0,"145":0,"146":0,"147":0,"148":0,"149":0,"150":0,"151":0,"152":0,"153":0,"154":0,"155":0,"156":0,"157":0,"158":0,"159":0,"160":0,"161":0,"162":0,"163":0,"164":0,"165":0,"166":0,"167":0,"168":0,"169":0,"170":0,"171":0,"172":0,"173":0,"174":0,"175":0,"176":0,"177":0,"178":0,"179":0,"180":0,"181":0,"182":0,"183":0,"184":0,"185":0,"186":0,"187":0,"188":0,"189":0,"190":0,"191":0,"192":0,"193":0,"194":0,"195":0,"196":0,"197":0,"198":0,"199":0,"200":0,"201":0,"202":0,"203":0,"204":0,"205":0,"206":0,"207":0,"208":0,"209":0,"210":0,"211":0,"212":0,"213":0,"214":0,"215":0,"216":0,"217":0,"218":0,"219":0,"220":0,"221":0,"222":0,"223":0,"224":0,"225":0,"226":0,"227":0,"228":0,"229":0,"230":0,"231":0,"232":0,"233":0,"234":0,"235":0,"236":0,"237":0,"238":0,"239":0,"240":0,"241":0,"242":0,"243":0,"244":0,"245":0,"246":0,"247":0,"248":0,"249":0,"250":0,"251":0,"252":0,"253":0,"254":0,"255":0,"256":0,"257":0,"258":0,"259":0,"260":0,"261":0,"262":0,"263":0,"264":0,"265":0,"266":0,"267":0,"268":0,"269":0,"270":0,"271":0,"272":0,"273":0,"274":0,"275":0,"276":0,"277":0,"278":0,"279":0,"280":0,"281":0,"282":0,"283":0,"284":0,"285":0,"286":0,"287":0,"288":0,"289":0,"290":0,"291":0,"292":0,"293":0,"294":0,"295":0,"296":0,"297":0,"298":0,"299":0,"300":0,"301":0,"302":0,"303":0,"304":0,"305":0,"306":0,"307":0,"308":0,"309":0,"310":0,"311":0,"312":0,"313":0,"314":0,"315":0,"316":0,"317":0,"318":0,"319":0,"320":0,"321":0,"322":0,"323":0,"324":0,"325":0,"326":0,"327":0,"328":0,"329":0,"330":0,"331":0,"332":0,"333":0,"334":0,"335":0,"336":0,"337":0,"338":0,"339":0,"340":0,"341":0,"342":0,"343":0,"344":0,"345":0,"346":0,"347":0,"348":0,"349":0,"350":0,"351":0,"352":0,"353":0,"354":0,"355":0,"356":0,"357":0,"358":0,"359":0,"360":0,"361":0,"362":0,"363":0,"364":0,"365":0,"366":0,"367":0,"368":0,"369":0,"370":0,"371":0,"372":0,"373":0,"374":0,"375":0,"376":0,"377":0},"f":{"0":0,"1":0,"2":0,"3":0,"4":0,"5":0,"6":0,"7":0,"8":0,"9":0,"10":0,"11":0,"12":0,"13":0,"14":0,"15":0,"16":0,"17":0,"18":0,"19":0,"20":0,"21":0,"22":0,"23":0,"24":0,"25":0,"26":0,"27":0,"28":0,"29":0,"30":0,"31":0,"32":0,"33":0,"34":0,"35":0,"36":0,"37":0,"38":0,"39":0,"40":0,"41":0,"42":0,"43":0,"44":0,"45":0,"46":0},"b":{"0":[0,0],"1":[0,0],"2":[0,0],"3":[0,0],"4":[0,0],"5":[0,0],"6":[0,0],"7":[0,0],"8":[0,0],"9":[0,0],"10":[0,0],"11":[0,0],"12":[0,0],"13":[0,0],"14":[0,0],"15":[0,0],"16":[0,0],"17":[0,0],"18":[0,0],"19":[0,0,0,0,0,0,0,0,0,0,0,0,0,0,0,0,0,0,0,0,0,0,0,0,0,0,0,0,0,0,0,0,0],"20":[0,0],"21":[0,0],"22":[0,0],"23":[0,0],"24":[0,0],"25":[0,0],"26":[0,0],"27":[0,0],"28":[0,0],"29":[0,0],"30":[0,0],"31":[0,0],"32":[0,0,0,0],"33":[0,0],"34":[0,0],"35":[0,0],"36":[0,0],"37":[0,0],"38":[0,0],"39":[0,0],"40":[0,0,0],"41":[0,0],"42":[0,0],"43":[0,0],"44":[0,0],"45":[0,0,0],"46":[0,0],"47":[0,0],"48":[0,0],"49":[0,0],"50":[0,0,0],"51":[0,0],"52":[0,0,0],"53":[0,0],"54":[0,0],"55":[0,0],"56":[0,0],"57":[0,0],"58":[0,0],"59":[0,0],"60":[0,0],"61":[0,0],"62":[0,0],"63":[0,0],"64":[0,0],"65":[0,0],"66":[0,0],"67":[0,0],"68":[0,0],"69":[0,0],"70":[0,0],"71":[0,0],"72":[0,0],"73":[0,0],"74":[0,0],"75":[0,0]}}
,"/Users/pranshurampal/speech-to-text-app/src/preload.ts": {"path":"/Users/pranshurampal/speech-to-text-app/src/preload.ts","statementMap":{"0":{"start":{"line":1,"column":39},"end":{"line":1,"column":58}},"1":{"start":{"line":32,"column":34},"end":{"line":72,"column":2}},"2":{"start":{"line":33,"column":49},"end":{"line":33,"column":100}},"3":{"start":{"line":34,"column":32},"end":{"line":34,"column":71}},"4":{"start":{"line":35,"column":31},"end":{"line":35,"column":69}},"5":{"start":{"line":36,"column":25},"end":{"line":36,"column":64}},"6":{"start":{"line":38,"column":4},"end":{"line":38,"column":49}},"7":{"start":{"line":39,"column":4},"end":{"line":39,"column":74}},"8":{"start":{"line":39,"column":17},"end":{"line":39,"column":73}},"9":{"start":{"line":42,"column":4},"end":{"line":42,"column":48}},"10":{"start":{"line":43,"column":4},"end":{"line":43,"column":73}},"11":{"start":{"line":43,"column":17},"end":{"line":43,"column":72}},"12":{"start":{"line":46,"column":4},"end":{"line":46,"column":47}},"13":{"start":{"line":47,"column":4},"end":{"line":47,"column":72}},"14":{"start":{"line":47,"column":17},"end":{"line":47,"column":71}},"15":{"start":{"line":49,"column":22},"end":{"line":49,"column":57}},"16":{"start":{"line":50,"column":43},"end":{"line":50,"column":94}},"17":{"start":{"line":51,"column":41},"end":{"line":51,"column":90}},"18":{"start":{"line":52,"column":43},"end":{"line":52,"column":91}},"19":{"start":{"line":53,"column":32},"end":{"line":53,"column":68}},"20":{"start":{"line":55,"column":20},"end":{"line":55,"column":62}},"21":{"start":{"line":55,"column":48},"end":{"line":55,"column":62}},"22":{"start":{"line":56,"column":4},"end":{"line":56,"column":42}},"23":{"start":{"line":57,"column":4},"end":{"line":57,"column":67}},"24":{"start":{"line":57,"column":17},"end":{"line":57,"column":66}},"25":{"start":{"line":59,"column":25},"end":{"line":59,"column":65}},"26":{"start":{"line":60,"column":19},"end":{"line":60,"column":52}},"27":{"start":{"line":61,"column":34},"end":{"line":61,"column":76}},"28":{"start":{"line":63,"column":38},"end":{"line":63,"column":87}},"29":{"start":{"line":64,"column":38},"end":{"line":64,"column":84}},"30":{"start":{"line":65,"column":42},"end":{"line":65,"column":94}},"31":{"start":{"line":66,"column":46},"end":{"line":66,"column":93}},"32":{"start":{"line":67,"column":55},"end":{"line":67,"column":113}},"33":{"start":{"line":68,"column":41},"end":{"line":68,"column":90}},"34":{"start":{"line":69,"column":36},"end":{"line":69,"column":80}},"35":{"start":{"line":70,"column":68},"end":{"line":70,"column":112}},"36":{"start":{"line":71,"column":20},"end":{"line":71,"column":54}},"37":{"start":{"line":74,"column":0},"end":{"line":74,"column":60}}},"fnMap":{"0":{"name":"(anonymous_0)","decl":{"start":{"line":33,"column":19},"end":{"line":33,"column":20}},"loc":{"start":{"line":33,"column":49},"end":{"line":33,"column":100}}},"1":{"name":"(anonymous_1)","decl":{"start":{"line":34,"column":14},"end":{"line":34,"column":15}},"loc":{"start":{"line":34,"column":32},"end":{"line":34,"column":71}}},"2":{"name":"(anonymous_2)","decl":{"start":{"line":35,"column":13},"end":{"line":35,"column":14}},"loc":{"start":{"line":35,"column":31},"end":{"line":35,"column":69}}},"3":{"name":"(anonymous_3)","decl":{"start":{"line":36,"column":19},"end":{"line":36,"column":22}},"loc":{"start":{"line":36,"column":25},"end":{"line":36,"column":64}}},"4":{"name":"(anonymous_4)","decl":{"start":{"line":37,"column":21},"end":{"line":37,"column":22}},"loc":{"start":{"line":37,"column":46},"end":{"line":40,"column":3}}},"5":{"name":"(anonymous_5)","decl":{"start":{"line":39,"column":11},"end":{"line":39,"column":14}},"loc":{"start":{"line":39,"column":17},"end":{"line":39,"column":73}}},"6":{"name":"(anonymous_6)","decl":{"start":{"line":41,"column":20},"end":{"line":41,"column":21}},"loc":{"start":{"line":41,"column":45},"end":{"line":44,"column":3}}},"7":{"name":"(anonymous_7)","decl":{"start":{"line":43,"column":11},"end":{"line":43,"column":14}},"loc":{"start":{"line":43,"column":17},"end":{"line":43,"column":72}}},"8":{"name":"(anonymous_8)","decl":{"start":{"line":45,"column":19},"end":{"line":45,"column":20}},"loc":{"start":{"line":45,"column":44},"end":{"line":48,"column":3}}},"9":{"name":"(anonymous_9)","decl":{"start":{"line":47,"column":11},"end":{"line":47,"column":14}},"loc":{"start":{"line":47,"column":17},"end":{"line":47,"column":71}}},"10":{"name":"(anonymous_10)","decl":{"start":{"line":49,"column":16},"end":{"line":49,"column":19}},"loc":{"start":{"line":49,"column":22},"end":{"line":49,"column":57}}},"11":{"name":"(anonymous_11)","decl":{"start":{"line":50,"column":21},"end":{"line":50,"column":22}},"loc":{"start":{"line":50,"column":43},"end":{"line":50,"column":94}}},"12":{"name":"(anonymous_12)","decl":{"start":{"line":51,"column":19},"end":{"line":51,"column":20}},"loc":{"start":{"line":51,"column":41},"end":{"line":51,"column":90}}},"13":{"name":"(anonymous_13)","decl":{"start":{"line":52,"column":21},"end":{"line":52,"column":22}},"loc":{"start":{"line":52,"column":43},"end":{"line":52,"column":91}}},"14":{"name":"(anonymous_14)","decl":{"start":{"line":53,"column":17},"end":{"line":53,"column":18}},"loc":{"start":{"line":53,"column":32},"end":{"line":53,"column":68}}},"15":{"name":"(anonymous_15)","decl":{"start":{"line":54,"column":15},"end":{"line":54,"column":16}},"loc":{"start":{"line":54,"column":49},"end":{"line":58,"column":3}}},"16":{"name":"(anonymous_16)","decl":{"start":{"line":55,"column":20},"end":{"line":55,"column":21}},"loc":{"start":{"line":55,"column":48},"end":{"line":55,"column":62}}},"17":{"name":"(anonymous_17)","decl":{"start":{"line":57,"column":11},"end":{"line":57,"column":14}},"loc":{"start":{"line":57,"column":17},"end":{"line":57,"column":66}}},"18":{"name":"(anonymous_18)","decl":{"start":{"line":59,"column":19},"end":{"line":59,"column":22}},"loc":{"start":{"line":59,"column":25},"end":{"line":59,"column":65}}},"19":{"name":"(anonymous_19)","decl":{"start":{"line":60,"column":13},"end":{"line":60,"column":16}},"loc":{"start":{"line":60,"column":19},"end":{"line":60,"column":52}}},"20":{"name":"(anonymous_20)","decl":{"start":{"line":61,"column":14},"end":{"line":61,"column":15}},"loc":{"start":{"line":61,"column":34},"end":{"line":61,"column":76}}},"21":{"name":"(anonymous_21)","decl":{"start":{"line":63,"column":23},"end":{"line":63,"column":24}},"loc":{"start":{"line":63,"column":38},"end":{"line":63,"column":87}}},"22":{"name":"(anonymous_22)","decl":{"start":{"line":64,"column":22},"end":{"line":64,"column":23}},"loc":{"start":{"line":64,"column":38},"end":{"line":64,"column":84}}},"23":{"name":"(anonymous_23)","decl":{"start":{"line":65,"column":23},"end":{"line":65,"column":24}},"loc":{"start":{"line":65,"column":42},"end":{"line":65,"column":94}}},"24":{"name":"(anonymous_24)","decl":{"start":{"line":66,"column":12},"end":{"line":66,"column":13}},"loc":{"start":{"line":66,"column":46},"end":{"line":66,"column":93}}},"25":{"name":"(anonymous_25)","decl":{"start":{"line":67,"column":25},"end":{"line":67,"column":26}},"loc":{"start":{"line":67,"column":55},"end":{"line":67,"column":113}}},"26":{"name":"(anonymous_26)","decl":{"start":{"line":68,"column":25},"end":{"line":68,"column":26}},"loc":{"start":{"line":68,"column":41},"end":{"line":68,"column":90}}},"27":{"name":"(anonymous_27)","decl":{"start":{"line":69,"column":20},"end":{"line":69,"column":21}},"loc":{"start":{"line":69,"column":36},"end":{"line":69,"column":80}}},"28":{"name":"(anonymous_28)","decl":{"start":{"line":70,"column":12},"end":{"line":70,"column":13}},"loc":{"start":{"line":70,"column":68},"end":{"line":70,"column":112}}},"29":{"name":"(anonymous_29)","decl":{"start":{"line":71,"column":14},"end":{"line":71,"column":17}},"loc":{"start":{"line":71,"column":20},"end":{"line":71,"column":54}}}},"branchMap":{},"s":{"0":0,"1":0,"2":0,"3":0,"4":0,"5":0,"6":0,"7":0,"8":0,"9":0,"10":0,"11":0,"12":0,"13":0,"14":0,"15":0,"16":0,"17":0,"18":0,"19":0,"20":0,"21":0,"22":0,"23":0,"24":0,"25":0,"26":0,"27":0,"28":0,"29":0,"30":0,"31":0,"32":0,"33":0,"34":0,"35":0,"36":0,"37":0},"f":{"0":0,"1":0,"2":0,"3":0,"4":0,"5":0,"6":0,"7":0,"8":0,"9":0,"10":0,"11":0,"12":0,"13":0,"14":0,"15":0,"16":0,"17":0,"18":0,"19":0,"20":0,"21":0,"22":0,"23":0,"24":0,"25":0,"26":0,"27":0,"28":0,"29":0},"b":{}}
,"/Users/pranshurampal/speech-to-text-app/src/services/config.ts": {"path":"/Users/pranshurampal/speech-to-text-app/src/services/config.ts","statementMap":{"0":{"start":{"line":1,"column":0},"end":{"line":1,"column":31}},"1":{"start":{"line":2,"column":0},"end":{"line":2,"column":20}},"2":{"start":{"line":3,"column":0},"end":{"line":3,"column":24}},"3":{"start":{"line":14,"column":25},"end":{"line":14,"column":48}},"4":{"start":{"line":15,"column":4},"end":{"line":15,"column":61}},"5":{"start":{"line":16,"column":4},"end":{"line":16,"column":30}},"6":{"start":{"line":20,"column":4},"end":{"line":27,"column":5}},"7":{"start":{"line":21,"column":6},"end":{"line":24,"column":7}},"8":{"start":{"line":22,"column":21},"end":{"line":22,"column":62}},"9":{"start":{"line":23,"column":8},"end":{"line":23,"column":32}},"10":{"start":{"line":26,"column":6},"end":{"line":26,"column":52}},"11":{"start":{"line":28,"column":4},"end":{"line":28,"column":14}},"12":{"start":{"line":32,"column":4},"end":{"line":40,"column":5}},"13":{"start":{"line":33,"column":27},"end":{"line":33,"column":50}},"14":{"start":{"line":34,"column":6},"end":{"line":36,"column":7}},"15":{"start":{"line":35,"column":8},"end":{"line":35,"column":56}},"16":{"start":{"line":37,"column":6},"end":{"line":37,"column":87}},"17":{"start":{"line":39,"column":6},"end":{"line":39,"column":51}},"18":{"start":{"line":45,"column":4},"end":{"line":45,"column":66}},"19":{"start":{"line":49,"column":4},"end":{"line":49,"column":38}},"20":{"start":{"line":50,"column":4},"end":{"line":50,"column":16}},"21":{"start":{"line":54,"column":16},"end":{"line":54,"column":32}},"22":{"start":{"line":55,"column":4},"end":{"line":55,"column":42}},"23":{"start":{"line":9,"column":0},"end":{"line":9,"column":13}}},"fnMap":{"0":{"name":"(anonymous_1)","decl":{"start":{"line":13,"column":2},"end":{"line":13,"column":null}},"loc":{"start":{"line":13,"column":2},"end":{"line":17,"column":3}}},"1":{"name":"(anonymous_2)","decl":{"start":{"line":19,"column":10},"end":{"line":19,"column":14}},"loc":{"start":{"line":19,"column":14},"end":{"line":29,"column":3}}},"2":{"name":"(anonymous_3)","decl":{"start":{"line":31,"column":10},"end":{"line":31,"column":14}},"loc":{"start":{"line":31,"column":14},"end":{"line":41,"column":3}}},"3":{"name":"(anonymous_4)","decl":{"start":{"line":43,"column":2},"end":{"line":43,"column":11}},"loc":{"start":{"line":43,"column":11},"end":{"line":46,"column":3}}},"4":{"name":"(anonymous_5)","decl":{"start":{"line":48,"column":2},"end":{"line":48,"column":11}},"loc":{"start":{"line":48,"column":26},"end":{"line":51,"column":3}}},"5":{"name":"(anonymous_6)","decl":{"start":{"line":53,"column":2},"end":{"line":53,"column":11}},"loc":{"start":{"line":53,"column":11},"end":{"line":56,"column":3}}}},"branchMap":{"0":{"loc":{"start":{"line":21,"column":6},"end":{"line":24,"column":7}},"type":"if","locations":[{"start":{"line":21,"column":6},"end":{"line":24,"column":7}},{"start":{},"end":{}}]},"1":{"loc":{"start":{"line":34,"column":6},"end":{"line":36,"column":7}},"type":"if","locations":[{"start":{"line":34,"column":6},"end":{"line":36,"column":7}},{"start":{},"end":{}}]},"2":{"loc":{"start":{"line":45,"column":11},"end":{"line":45,"column":65}},"type":"binary-expr","locations":[{"start":{"line":45,"column":11},"end":{"line":45,"column":35}},{"start":{"line":45,"column":39},"end":{"line":45,"column":65}}]},"3":{"loc":{"start":{"line":55,"column":11},"end":{"line":55,"column":41}},"type":"binary-expr","locations":[{"start":{"line":55,"column":11},"end":{"line":55,"column":16}},{"start":{"line":55,"column":20},"end":{"line":55,"column":41}}]}},"s":{"0":0,"1":0,"2":0,"3":0,"4":0,"5":0,"6":0,"7":0,"8":0,"9":0,"10":0,"11":0,"12":0,"13":0,"14":0,"15":0,"16":0,"17":0,"18":0,"19":0,"20":0,"21":0,"22":0,"23":0},"f":{"0":0,"1":0,"2":0,"3":0,"4":0,"5":0},"b":{"0":[0,0],"1":[0,0],"2":[0,0],"3":[0,0]}}
,"/Users/pranshurampal/speech-to-text-app/src/services/database.ts": {"path":"/Users/pranshurampal/speech-to-text-app/src/services/database.ts","statementMap":{"0":{"start":{"line":1,"column":0},"end":{"line":1,"column":38}},"1":{"start":{"line":2,"column":0},"end":{"line":2,"column":31}},"2":{"start":{"line":3,"column":0},"end":{"line":3,"column":29}},"3":{"start":{"line":4,"column":0},"end":{"line":4,"column":25}},"4":{"start":{"line":40,"column":25},"end":{"line":40,"column":48}},"5":{"start":{"line":41,"column":18},"end":{"line":41,"column":49}},"6":{"start":{"line":43,"column":4},"end":{"line":45,"column":5}},"7":{"start":{"line":44,"column":6},"end":{"line":44,"column":47}},"8":{"start":{"line":47,"column":4},"end":{"line":47,"column":56}},"9":{"start":{"line":50,"column":4},"end":{"line":50,"column":40}},"10":{"start":{"line":53,"column":4},"end":{"line":53,"column":40}},"11":{"start":{"line":56,"column":4},"end":{"line":56,"column":19}},"12":{"start":{"line":58,"column":4},"end":{"line":58,"column":67}},"13":{"start":{"line":62,"column":20},"end":{"line":62,"column":43}},"14":{"start":{"line":64,"column":4},"end":{"line":154,"column":5}},"15":{"start":{"line":65,"column":6},"end":{"line":65,"column":68}},"16":{"start":{"line":68,"column":6},"end":{"line":151,"column":9}},"17":{"start":{"line":153,"column":6},"end":{"line":153,"column":77}},"18":{"start":{"line":158,"column":4},"end":{"line":163,"column":5}},"19":{"start":{"line":159,"column":21},"end":{"line":159,"column":115}},"20":{"start":{"line":160,"column":6},"end":{"line":160,"column":34}},"21":{"start":{"line":162,"column":6},"end":{"line":162,"column":15}},"22":{"start":{"line":169,"column":16},"end":{"line":169,"column":26}},"23":{"start":{"line":171,"column":19},"end":{"line":174,"column":6}},"24":{"start":{"line":176,"column":19},"end":{"line":182,"column":null}},"25":{"start":{"line":185,"column":4},"end":{"line":185,"column":84}},"26":{"start":{"line":186,"column":4},"end":{"line":186,"column":44}},"27":{"start":{"line":190,"column":18},"end":{"line":190,"column":78}},"28":{"start":{"line":191,"column":19},"end":{"line":191,"column":61}},"29":{"start":{"line":192,"column":4},"end":{"line":192,"column":26}},"30":{"start":{"line":196,"column":16},"end":{"line":196,"column":56}},"31":{"start":{"line":197,"column":26},"end":{"line":197,"column":28}},"32":{"start":{"line":200,"column":4},"end":{"line":203,"column":5}},"33":{"start":{"line":201,"column":6},"end":{"line":201,"column":38}},"34":{"start":{"line":202,"column":6},"end":{"line":202,"column":46}},"35":{"start":{"line":206,"column":4},"end":{"line":209,"column":5}},"36":{"start":{"line":207,"column":6},"end":{"line":207,"column":37}},"37":{"start":{"line":208,"column":6},"end":{"line":208,"column":37}},"38":{"start":{"line":211,"column":4},"end":{"line":214,"column":5}},"39":{"start":{"line":212,"column":6},"end":{"line":212,"column":37}},"40":{"start":{"line":213,"column":6},"end":{"line":213,"column":35}},"41":{"start":{"line":217,"column":4},"end":{"line":225,"column":5}},"42":{"start":{"line":218,"column":6},"end":{"line":223,"column":9}},"43":{"start":{"line":221,"column":70},"end":{"line":221,"column":73}},"44":{"start":{"line":224,"column":6},"end":{"line":224,"column":35}},"45":{"start":{"line":228,"column":4},"end":{"line":228,"column":40}},"46":{"start":{"line":231,"column":4},"end":{"line":234,"column":5}},"47":{"start":{"line":232,"column":6},"end":{"line":232,"column":26}},"48":{"start":{"line":233,"column":6},"end":{"line":233,"column":33}},"49":{"start":{"line":236,"column":4},"end":{"line":239,"column":5}},"50":{"start":{"line":237,"column":6},"end":{"line":237,"column":27}},"51":{"start":{"line":238,"column":6},"end":{"line":238,"column":34}},"52":{"start":{"line":241,"column":17},"end":{"line":241,"column":39}},"53":{"start":{"line":242,"column":4},"end":{"line":242,"column":50}},"54":{"start":{"line":246,"column":4},"end":{"line":248,"column":5}},"55":{"start":{"line":247,"column":6},"end":{"line":247,"column":45}},"56":{"start":{"line":250,"column":16},"end":{"line":255,"column":6}},"57":{"start":{"line":256,"column":26},"end":{"line":256,"column":39}},"58":{"start":{"line":259,"column":4},"end":{"line":262,"column":5}},"59":{"start":{"line":260,"column":6},"end":{"line":260,"column":40}},"60":{"start":{"line":261,"column":6},"end":{"line":261,"column":46}},"61":{"start":{"line":265,"column":4},"end":{"line":268,"column":5}},"62":{"start":{"line":266,"column":6},"end":{"line":266,"column":39}},"63":{"start":{"line":267,"column":6},"end":{"line":267,"column":37}},"64":{"start":{"line":270,"column":4},"end":{"line":273,"column":5}},"65":{"start":{"line":271,"column":6},"end":{"line":271,"column":39}},"66":{"start":{"line":272,"column":6},"end":{"line":272,"column":35}},"67":{"start":{"line":276,"column":4},"end":{"line":284,"column":5}},"68":{"start":{"line":277,"column":6},"end":{"line":282,"column":9}},"69":{"start":{"line":280,"column":70},"end":{"line":280,"column":73}},"70":{"start":{"line":283,"column":6},"end":{"line":283,"column":35}},"71":{"start":{"line":287,"column":4},"end":{"line":287,"column":48}},"72":{"start":{"line":290,"column":4},"end":{"line":293,"column":5}},"73":{"start":{"line":291,"column":6},"end":{"line":291,"column":26}},"74":{"start":{"line":292,"column":6},"end":{"line":292,"column":33}},"75":{"start":{"line":295,"column":4},"end":{"line":298,"column":5}},"76":{"start":{"line":296,"column":6},"end":{"line":296,"column":27}},"77":{"start":{"line":297,"column":6},"end":{"line":297,"column":34}},"78":{"start":{"line":300,"column":17},"end":{"line":300,"column":39}},"79":{"start":{"line":301,"column":4},"end":{"line":301,"column":50}},"80":{"start":{"line":305,"column":29},"end":{"line":305,"column":31}},"81":{"start":{"line":306,"column":26},"end":{"line":306,"column":28}},"82":{"start":{"line":308,"column":4},"end":{"line":311,"column":5}},"83":{"start":{"line":309,"column":6},"end":{"line":309,"column":40}},"84":{"start":{"line":310,"column":6},"end":{"line":310,"column":42}},"85":{"start":{"line":313,"column":4},"end":{"line":316,"column":5}},"86":{"start":{"line":314,"column":6},"end":{"line":314,"column":44}},"87":{"start":{"line":315,"column":6},"end":{"line":315,"column":46}},"88":{"start":{"line":318,"column":4},"end":{"line":321,"column":5}},"89":{"start":{"line":319,"column":6},"end":{"line":319,"column":37}},"90":{"start":{"line":320,"column":6},"end":{"line":320,"column":39}},"91":{"start":{"line":323,"column":4},"end":{"line":325,"column":5}},"92":{"start":{"line":324,"column":6},"end":{"line":324,"column":13}},"93":{"start":{"line":327,"column":4},"end":{"line":327,"column":20}},"94":{"start":{"line":328,"column":18},"end":{"line":328,"column":79}},"95":{"start":{"line":330,"column":4},"end":{"line":330,"column":42}},"96":{"start":{"line":331,"column":4},"end":{"line":331,"column":66}},"97":{"start":{"line":335,"column":4},"end":{"line":335,"column":71}},"98":{"start":{"line":336,"column":4},"end":{"line":336,"column":66}},"99":{"start":{"line":340,"column":4},"end":{"line":340,"column":100}},"100":{"start":{"line":341,"column":4},"end":{"line":341,"column":79}},"101":{"start":{"line":347,"column":27},"end":{"line":350,"column":37}},"102":{"start":{"line":348,"column":64},"end":{"line":348,"column":67}},"103":{"start":{"line":352,"column":4},"end":{"line":370,"column":5}},"104":{"start":{"line":354,"column":8},"end":{"line":354,"column":55}},"105":{"start":{"line":357,"column":8},"end":{"line":360,"column":22}},"106":{"start":{"line":358,"column":23},"end":{"line":358,"column":61}},"107":{"start":{"line":359,"column":10},"end":{"line":359,"column":61}},"108":{"start":{"line":363,"column":8},"end":{"line":366,"column":22}},"109":{"start":{"line":364,"column":23},"end":{"line":364,"column":61}},"110":{"start":{"line":365,"column":10},"end":{"line":365,"column":71}},"111":{"start":{"line":369,"column":8},"end":{"line":369,"column":64}},"112":{"start":{"line":376,"column":23},"end":{"line":376,"column":43}},"113":{"start":{"line":378,"column":4},"end":{"line":384,"column":5}},"114":{"start":{"line":380,"column":6},"end":{"line":380,"column":47}},"115":{"start":{"line":381,"column":6},"end":{"line":381,"column":71}},"116":{"start":{"line":383,"column":6},"end":{"line":383,"column":63}},"117":{"start":{"line":388,"column":23},"end":{"line":388,"column":43}},"118":{"start":{"line":390,"column":4},"end":{"line":393,"column":5}},"119":{"start":{"line":391,"column":6},"end":{"line":391,"column":57}},"120":{"start":{"line":392,"column":6},"end":{"line":392,"column":19}},"121":{"start":{"line":395,"column":4},"end":{"line":405,"column":5}},"122":{"start":{"line":396,"column":6},"end":{"line":396,"column":19}},"123":{"start":{"line":397,"column":6},"end":{"line":397,"column":47}},"124":{"start":{"line":398,"column":6},"end":{"line":398,"column":42}},"125":{"start":{"line":399,"column":6},"end":{"line":399,"column":42}},"126":{"start":{"line":400,"column":6},"end":{"line":400,"column":60}},"127":{"start":{"line":401,"column":6},"end":{"line":401,"column":18}},"128":{"start":{"line":403,"column":6},"end":{"line":403,"column":64}},"129":{"start":{"line":404,"column":6},"end":{"line":404,"column":19}},"130":{"start":{"line":411,"column":18},"end":{"line":411,"column":108}},"131":{"start":{"line":412,"column":22},"end":{"line":412,"column":134}},"132":{"start":{"line":413,"column":22},"end":{"line":413,"column":102}},"133":{"start":{"line":415,"column":4},"end":{"line":419,"column":6}},"134":{"start":{"line":425,"column":4},"end":{"line":425,"column":55}},"135":{"start":{"line":426,"column":4},"end":{"line":426,"column":27}},"136":{"start":{"line":427,"column":4},"end":{"line":427,"column":53}},"137":{"start":{"line":431,"col
[...]
:236,"column":4},"end":{"line":239,"column":5}},{"start":{},"end":{}}]},"15":{"loc":{"start":{"line":245,"column":44},"end":{"line":245,"column":78}},"type":"default-arg","locations":[{"start":{"line":245,"column":76},"end":{"line":245,"column":78}}]},"16":{"loc":{"start":{"line":246,"column":4},"end":{"line":248,"column":5}},"type":"if","locations":[{"start":{"line":246,"column":4},"end":{"line":248,"column":5}},{"start":{},"end":{}}]},"17":{"loc":{"start":{"line":246,"column":8},"end":{"line":246,"column":49}},"type":"binary-expr","locations":[{"start":{"line":246,"column":8},"end":{"line":246,"column":20}},{"start":{"line":246,"column":24},"end":{"line":246,"column":49}}]},"18":{"loc":{"start":{"line":259,"column":4},"end":{"line":262,"column":5}},"type":"if","locations":[{"start":{"line":259,"column":4},"end":{"line":262,"column":5}},{"start":{},"end":{}}]},"19":{"loc":{"start":{"line":261,"column":18},"end":{"line":261,"column":44}},"type":"cond-expr","locations":[{"start":{"line":261,"column":39},"end":{"line":261,"column":40}},{"start":{"line":261,"column":43},"end":{"line":261,"column":44}}]},"20":{"loc":{"start":{"line":265,"column":4},"end":{"line":268,"column":5}},"type":"if","locations":[{"start":{"line":265,"column":4},"end":{"line":268,"column":5}},{"start":{},"end":{}}]},"21":{"loc":{"start":{"line":270,"column":4},"end":{"line":273,"column":5}},"type":"if","locations":[{"start":{"line":270,"column":4},"end":{"line":273,"column":5}},{"start":{},"end":{}}]},"22":{"loc":{"start":{"line":276,"column":4},"end":{"line":284,"column":5}},"type":"if","locations":[{"start":{"line":276,"column":4},"end":{"line":284,"column":5}},{"start":{},"end":{}}]},"23":{"loc":{"start":{"line":276,"column":8},"end":{"line":276,"column":47}},"type":"binary-expr","locations":[{"start":{"line":276,"column":8},"end":{"line":276,"column":20}},{"start":{"line":276,"column":24},"end":{"line":276,"column":47}}]},"24":{"loc":{"start":{"line":290,"column":4},"end":{"line":293,"column":5}},"type":"if","locations":[{"start":{"line":290,"column":4},"end":{"line":293,"column":5}},{"start":{},"end":{}}]},"25":{"loc":{"start":{"line":295,"column":4},"end":{"line":298,"column":5}},"type":"if","locations":[{"start":{"line":295,"column":4},"end":{"line":298,"column":5}},{"start":{},"end":{}}]},"26":{"loc":{"start":{"line":308,"column":4},"end":{"line":311,"column":5}},"type":"if","locations":[{"start":{"line":308,"column":4},"end":{"line":311,"column":5}},{"start":{},"end":{}}]},"27":{"loc":{"start":{"line":313,"column":4},"end":{"line":316,"column":5}},"type":"if","locations":[{"start":{"line":313,"column":4},"end":{"line":316,"column":5}},{"start":{},"end":{}}]},"28":{"loc":{"start":{"line":318,"column":4},"end":{"line":321,"column":5}},"type":"if","locations":[{"start":{"line":318,"column":4},"end":{"line":321,"column":5}},{"start":{},"end":{}}]},"29":{"loc":{"start":{"line":323,"column":4},"end":{"line":325,"column":5}},"type":"if","locations":[{"start":{"line":323,"column":4},"end":{"line":325,"column":5}},{"start":{},"end":{}}]},"30":{"loc":{"start":{"line":352,"column":4},"end":{"line":370,"column":5}},"type":"switch","locations":[{"start":{"line":353,"column":6},"end":{"line":354,"column":55}},{"start":{"line":356,"column":6},"end":{"line":360,"column":22}},{"start":{"line":362,"column":6},"end":{"line":366,"column":22}},{"start":{"line":368,"column":6},"end":{"line":369,"column":64}}]},"31":{"loc":{"start":{"line":390,"column":4},"end":{"line":393,"column":5}},"type":"if","locations":[{"start":{"line":390,"column":4},"end":{"line":393,"column":5}},{"start":{},"end":{}}]}},"s":{"0":3,"1":3,"2":3,"3":3,"4":71,"5":71,"6":71,"7":70,"8":71,"9":71,"10":71,"11":71,"12":71,"13":71,"14":71,"15":70,"16":70,"17":70,"18":71,"19":71,"20":1,"21":70,"22":280,"23":280,"24":280,"25":280,"26":280,"27":14,"28":14,"29":14,"30":27,"31":27,"32":27,"33":5,"34":5,"35":27,"36":3,"37":3,"38":27,"39":3,"40":3,"41":27,"42":0,"43":0,"44":0,"45":27,"46":27,"47":19,"48":19,"49":27,"50":2,"51":2,"52":27,"53":27,"54":16,"55":1,"56":15,"57":15,"58":15,"59":3,"60":3,"61":15,"62":0,"63":0,"64":15,"65":0,"66":0,"67":15,"68":0,"69":0,"70":0,"71":15,"72":15,"73":11,"74":11,"75":15,"76":0,"77":0,"78":15,"79":15,"80":3,"81":3,"82":3,"83":3,"84":3,"85":3,"86":0,"87":0,"88":3,"89":0,"90":0,"91":3,"92":0,"93":3,"94":3,"95":3,"96":3,"97":3,"98":3,"99":3,"100":3,"101":4,"102":7,"103":4,"104":2,"105":1,"106":2,"107":2,"108":1,"109":2,"110":2,"111":0,"112":75,"113":75,"114":75,"115":75,"116":0,"117":0,"118":0,"119":0,"120":0,"121":0,"122":0,"123":0,"124":0,"125":0,"126":0,"127":0,"128":0,"129":0,"130":28,"131":28,"132":28,"133":28,"134":0,"135":0,"136":0,"137":73,"138":73,"139":73,"140":3},"f":{"0":71,"1":71,"2":71,"3":280,"4":14,"5":27,"6":0,"7":16,"8":0,"9":3,"10":3,"11":3,"12":4,"13":7,"14":2,"15":2,"16":75,"17":0,"18":28,"19":0,"20":73},"b":{"0":[70,1],"1":[70,1],"2":[1,0],"3":[280,277],"4":[280,199],"5":[14,4],"6":[5],"7":[5,22],"8":[4,1],"9":[3,24],"10":[3,24],"11":[0,27],"12":[27,0],"13":[19,8],"14":[2,25],"15":[5],"16":[1,15],"17":[16,15],"18":[3,12],"19":[3,0],"20":[0,15],"21":[0,15],"22":[0,15],"23":[15,0],"24":[11,4],"25":[0,15],"26":[3,0],"27":[0,3],"28":[0,3],"29":[0,3],"30":[2,1,1,0],"31":[0,0]}}
,"/Users/pranshurampal/speech-to-text-app/src/services/formatter.ts": {"path":"/Users/pranshurampal/speech-to-text-app/src/services/formatter.ts","statementMap":{"0":{"start":{"line":1,"column":15},"end":{"line":1,"column":40}},"1":{"start":{"line":7,"column":4},"end":{"line":7,"column":41}},"2":{"start":{"line":11,"column":4},"end":{"line":44,"column":5}},"3":{"start":{"line":12,"column":27},"end":{"line":20,"column":62}},"4":{"start":{"line":22,"column":23},"end":{"line":35,"column":8}},"5":{"start":{"line":38,"column":28},"end":{"line":38,"column":76}},"6":{"start":{"line":40,"column":6},"end":{"line":40,"column":27}},"7":{"start":{"line":42,"column":6},"end":{"line":42,"column":48}},"8":{"start":{"line":43,"column":6},"end":{"line":43,"column":18}},"9":{"start":{"line":3,"column":0},"end":{"line":3,"column":13}}},"fnMap":{"0":{"name":"(anonymous_0)","decl":{"start":{"line":6,"column":2},"end":{"line":6,"column":14}},"loc":{"start":{"line":6,"column":28},"end":{"line":8,"column":3}}},"1":{"name":"(anonymous_1)","decl":{"start":{"line":10,"column":2},"end":{"line":10,"column":7}},"loc":{"start":{"line":10,"column":30},"end":{"line":45,"column":3}}}},"branchMap":{"0":{"loc":{"start":{"line":38,"column":28},"end":{"line":38,"column":76}},"type":"binary-expr","locations":[{"start":{"line":38,"column":28},"end":{"line":38,"column":65}},{"start":{"line":38,"column":69},"end":{"line":38,"column":76}}]}},"s":{"0":0,"1":0,"2":0,"3":0,"4":0,"5":0,"6":0,"7":0,"8":0,"9":0},"f":{"0":0,"1":0},"b":{"0":[0,0]}}
,"/Users/pranshurampal/speech-to-text-app/src/services/paste.ts": {"path":"/Users/pranshurampal/speech-to-text-app/src/services/paste.ts","statementMap":{"0":{"start":{"line":1,"column":21},"end":{"line":1,"column":45}},"1":{"start":{"line":5,"column":4},"end":{"line":48,"column":5}},"2":{"start":{"line":6,"column":6},"end":{"line":27,"column":7}},"3":{"start":{"line":8,"column":23},"end":{"line":8,"column":48}},"4":{"start":{"line":9,"column":8},"end":{"line":9,"column":46}},"5":{"start":{"line":10,"column":13},"end":{"line":27,"column":7}},"6":{"start":{"line":12,"column":23},"end":{"line":12,"column":48}},"7":{"start":{"line":13,"column":8},"end":{"line":16,"column":11}},"8":{"start":{"line":19,"column":8},"end":{"line":26,"column":9}},"9":{"start":{"line":20,"column":25},"end":{"line":20,"column":50}},"10":{"start":{"line":21,"column":10},"end":{"line":21,"column":68}},"11":{"start":{"line":24,"column":25},"end":{"line":24,"column":50}},"12":{"start":{"line":25,"column":10},"end":{"line":25,"column":66}},"13":{"start":{"line":30,"column":6},"end":{"line":30,"column":62}},"14":{"start":{"line":30,"column":37},"end":{"line":30,"column":60}},"15":{"start":{"line":33,"column":6},"end":{"line":44,"column":7}},"16":{"start":{"line":34,"column":8},"end":{"line":34,"column":104}},"17":{"start":{"line":35,"column":13},"end":{"line":44,"column":7}},"18":{"start":{"line":36,"column":8},"end":{"line":36,"column":98}},"19":{"start":{"line":39,"column":8},"end":{"line":43,"column":9}},"20":{"start":{"line":40,"column":10},"end":{"line":40,"column":41}},"21":{"start":{"line":42,"column":10},"end":{"line":42,"column":99}},"22":{"start":{"line":46,"column":6},"end":{"line":46,"column":43}},"23":{"start":{"line":47,"column":6},"end":{"line":47,"column":18}},"24":{"start":{"line":3,"column":0},"end":{"line":3,"column":13}}},"fnMap":{"0":{"name":"(anonymous_0)","decl":{"start":{"line":4,"column":2},"end":{"line":4,"column":7}},"loc":{"start":{"line":4,"column":26},"end":{"line":49,"column":3}}},"1":{"name":"(anonymous_1)","decl":{"start":{"line":30,"column":24},"end":{"line":30,"column":25}},"loc":{"start":{"line":30,"column":37},"end":{"line":30,"column":60}}}},"branchMap":{"0":{"loc":{"start":{"line":6,"column":6},"end":{"line":27,"column":7}},"type":"if","locations":[{"start":{"line":6,"column":6},"end":{"line":27,"column":7}},{"start":{"line":10,"column":13},"end":{"line":27,"column":7}}]},"1":{"loc":{"start":{"line":10,"column":13},"end":{"line":27,"column":7}},"type":"if","locations":[{"start":{"line":10,"column":13},"end":{"line":27,"column":7}},{"start":{"line":17,"column":13},"end":{"line":27,"column":7}}]},"2":{"loc":{"start":{"line":33,"column":6},"end":{"line":44,"column":7}},"type":"if","locations":[{"start":{"line":33,"column":6},"end":{"line":44,"column":7}},{"start":{"line":35,"column":13},"end":{"line":44,"column":7}}]},"3":{"loc":{"start":{"line":35,"column":13},"end":{"line":44,"column":7}},"type":"if","locations":[{"start":{"line":35,"column":13},"end":{"line":44,"column":7}},{"start":{"line":37,"column":13},"end":{"line":44,"column":7}}]}},"s":{"0":0,"1":0,"2":0,"3":0,"4":0,"5":0,"6":0,"7":0,"8":0,"9":0,"10":0,"11":0,"12":0,"13":0,"14":0,"15":0,"16":0,"17":0,"18":0,"19":0,"20":0,"21":0,"22":0,"23":0,"24":0},"f":{"0":0,"1":0},"b":{"0":[0,0],"1":[0,0],"2":[0,0],"3":[0,0]}}
,"/Users/pranshurampal/speech-to-text-app/src/services/search.ts": {"path":"/Users/pranshurampal/speech-to-text-app/src/services/search.ts","statementMap":{"0":{"start":{"line":22,"column":22},"end":{"line":22,"column":41}},"1":{"start":{"line":32,"column":21},"end":{"line":32,"column":29}},"2":{"start":{"line":33,"column":42},"end":{"line":33,"column":44}},"3":{"start":{"line":36,"column":23},"end":{"line":36,"column":57}},"4":{"start":{"line":37,"column":4},"end":{"line":40,"column":5}},"5":{"start":{"line":38,"column":6},"end":{"line":38,"column":93}},"6":{"start":{"line":38,"column":45},"end":{"line":38,"column":91}},"7":{"start":{"line":39,"column":6},"end":{"line":39,"column":67}},"8":{"start":{"line":43,"column":21},"end":{"line":43,"column":56}},"9":{"start":{"line":44,"column":4},"end":{"line":47,"column":5}},"10":{"start":{"line":45,"column":6},"end":{"line":45,"column":64}},"11":{"start":{"line":46,"column":6},"end":{"line":46,"column":70}},"12":{"start":{"line":50,"column":22},"end":{"line":50,"column":51}},"13":{"start":{"line":51,"column":4},"end":{"line":71,"column":5}},"14":{"start":{"line":52,"column":25},"end":{"line":52,"column":51}},"15":{"start":{"line":53,"column":18},"end":{"line":53,"column":28}},"16":{"start":{"line":54,"column":27},"end":{"line":54,"column":95}},"17":{"start":{"line":55,"column":26},"end":{"line":55,"column":109}},"18":{"start":{"line":56,"column":27},"end":{"line":56,"column":83}},"19":{"start":{"line":58,"column":6},"end":{"line":68,"column":7}},"20":{"start":{"line":60,"column":10},"end":{"line":60,"column":43}},"21":{"start":{"line":61,"column":10},"end":{"line":61,"column":16}},"22":{"start":{"line":63,"column":10},"end":{"line":63,"column":42}},"23":{"start":{"line":64,"column":10},"end":{"line":64,"column":16}},"24":{"start":{"line":66,"column":10},"end":{"line":66,"column":43}},"25":{"start":{"line":67,"column":10},"end":{"line":67,"column":16}},"26":{"start":{"line":70,"column":6},"end":{"line":70,"column":62}},"27":{"start":{"line":73,"column":4},"end":{"line":73,"column":35}},"28":{"start":{"line":80,"column":68},"end":{"line":80,"column":75}},"29":{"start":{"line":83,"column":51},"end":{"line":83,"column":73}},"30":{"start":{"line":86,"column":50},"end":{"line":90,"column":6}},"31":{"start":{"line":92,"column":4},"end":{"line":105,"column":5}},"32":{"start":{"line":93,"column":6},"end":{"line":95,"column":7}},"33":{"start":{"line":94,"column":8},"end":{"line":94,"column":68}},"34":{"start":{"line":96,"column":6},"end":{"line":98,"column":7}},"35":{"start":{"line":97,"column":8},"end":{"line":97,"column":64}},"36":{"start":{"line":99,"column":6},"end":{"line":101,"column":7}},"37":{"start":{"line":100,"column":8},"end":{"line":100,"column":60}},"38":{"start":{"line":102,"column":6},"end":{"line":104,"column":7}},"39":{"start":{"line":103,"column":8},"end":{"line":103,"column":86}},"40":{"start":{"line":108,"column":27},"end":{"line":110,"column":50}},"41":{"start":{"line":113,"column":18},"end":{"line":113,"column":42}},"42":{"start":{"line":115,"column":4},"end":{"line":119,"column":6}},"43":{"start":{"line":126,"column":4},"end":{"line":126,"column":56}},"44":{"start":{"line":133,"column":4},"end":{"line":133,"column":74}},"45":{"start":{"line":140,"column":4},"end":{"line":144,"column":7}},"46":{"start":{"line":21,"column":0},"end":{"line":21,"column":13}}},"fnMap":{"0":{"name":"(anonymous_0)","decl":{"start":{"line":22,"column":2},"end":{"line":22,"column":22}},"loc":{"start":{"line":22,"column":41},"end":{"line":22,"column":45}}},"1":{"name":"(anonymous_1)","decl":{"start":{"line":31,"column":2},"end":{"line":31,"column":12}},"loc":{"start":{"line":31,"column":29},"end":{"line":74,"column":3}}},"2":{"name":"(anonymous_2)","decl":{"start":{"line":38,"column":36},"end":{"line":38,"column":41}},"loc":{"start":{"line":38,"column":45},"end":{"line":38,"column":91}}},"3":{"name":"(anonymous_3)","decl":{"start":{"line":79,"column":2},"end":{"line":79,"column":8}},"loc":{"start":{"line":79,"column":31},"end":{"line":120,"column":3}}},"4":{"name":"(anonymous_4)","decl":{"start":{"line":125,"column":2},"end":{"line":125,"column":11}},"loc":{"start":{"line":125,"column":50},"end":{"line":127,"column":3}}},"5":{"name":"(anonymous_5)","decl":{"start":{"line":132,"column":2},"end":{"line":132,"column":14}},"loc":{"start":{"line":132,"column":53},"end":{"line":134,"column":3}}},"6":{"name":"(anonymous_6)","decl":{"start":{"line":139,"column":2},"end":{"line":139,"column":16}},"loc":{"start":{"line":139,"column":68},"end":{"line":145,"column":3}}}},"branchMap":{"0":{"loc":{"start":{"line":37,"column":4},"end":{"line":40,"column":5}},"type":"if","locations":[{"start":{"line":37,"column":4},"end":{"line":40,"column":5}},{"start":{},"end":{}}]},"1":{"loc":{"start":{"line":44,"column":4},"end":{"line":47,"column":5}},"type":"if","locations":[{"start":{"line":44,"column":4},"end":{"line":47,"column":5}},{"start":{},"end":{}}]},"2":{"loc":{"start":{"line":51,"column":4},"end":{"line":71,"column":5}},"type":"if","locations":[{"start":{"line":51,"column":4},"end":{"line":71,"column":5}},{"start":{},"end":{}}]},"3":{"loc":{"start":{"line":58,"column":6},"end":{"line":68,"column":7}},"type":"switch","locations":[{"start":{"line":59,"column":8},"end":{"line":61,"column":16}},{"start":{"line":62,"column":8},"end":{"line":64,"column":16}},{"start":{"line":65,"column":8},"end":{"line":67,"column":16}}]},"4":{"loc":{"start":{"line":80,"column":41},"end":{"line":80,"column":51}},"type":"default-arg","locations":[{"start":{"line":80,"column":49},"end":{"line":80,"column":51}}]},"5":{"loc":{"start":{"line":80,"column":53},"end":{"line":80,"column":63}},"type":"default-arg","locations":[{"start":{"line":80,"column":62},"end":{"line":80,"column":63}}]},"6":{"loc":{"start":{"line":92,"column":4},"end":{"line":105,"column":5}},"type":"if","locations":[{"start":{"line":92,"column":4},"end":{"line":105,"column":5}},{"start":{},"end":{}}]},"7":{"loc":{"start":{"line":93,"column":6},"end":{"line":95,"column":7}},"type":"if","locations":[{"start":{"line":93,"column":6},"end":{"line":95,"column":7}},{"start":{},"end":{}}]},"8":{"loc":{"start":{"line":96,"column":6},"end":{"line":98,"column":7}},"type":"if","locations":[{"start":{"line":96,"column":6},"end":{"line":98,"column":7}},{"start":{},"end":{}}]},"9":{"loc":{"start":{"line":99,"column":6},"end":{"line":101,"column":7}},"type":"if","locations":[{"start":{"line":99,"column":6},"end":{"line":101,"column":7}},{"start":{},"end":{}}]},"10":{"loc":{"start":{"line":102,"column":6},"end":{"line":104,"column":7}},"type":"if","locations":[{"start":{"line":102,"column":6},"end":{"line":104,"column":7}},{"start":{},"end":{}}]},"11":{"loc":{"start":{"line":103,"column":36},"end":{"line":103,"column":62}},"type":"binary-expr","locations":[{"start":{"line":103,"column":36},"end":{"line":103,"column":56}},{"start":{"line":103,"column":60},"end":{"line":103,"column":62}}]},"12":{"loc":{"start":{"line":108,"column":27},"end":{"line":110,"column":50}},"type":"cond-expr","locations":[{"start":{"line":109,"column":8},"end":{"line":109,"column":65}},{"start":{"line":110,"column":8},"end":{"line":110,"column":50}}]},"13":{"loc":{"start":{"line":125,"column":12},"end":{"line":125,"column":30}},"type":"default-arg","locations":[{"start":{"line":125,"column":28},"end":{"line":125,"column":30}}]},"14":{"loc":{"start":{"line":125,"column":32},"end":{"line":125,"column":50}},"type":"default-arg","locations":[{"start":{"line":125,"column":49},"end":{"line":125,"column":50}}]},"15":{"loc":{"start":{"line":132,"column":15},"end":{"line":132,"column":33}},"type":"default-arg","locations":[{"start":{"line":132,"column":31},"end":{"line":132,"column":33}}]},"16":{"loc":{"start":{"line":132,"column":35},"end":{"line":132,"column":53}},"type":"default-arg","locations":[{"start":{"line":132,"column":52},"end":{"line":132,"column":53}}]},"17":{"loc":{"start":{"line":139,"column":49},"end":{"line":139,"column":68}},"type":"default-arg","locations":[{"start":{"line":139,"column":65},"end":{"line":139,"column":68}}]}},"s":{"0":41,"1":32,"2":32,"3":32,"4":32,"5":5,"6":6,"7":5,"8":32,"9":32,"10":8,"11":8,"12":32,"13":32,"14":4,"15":4,"16":4,"17":4,"18":4,"19":4,"20":1,"21":1,"22":2,"23":2,"24":1,"25":1,"26":4,"27":32,"28":20,"29":20,"30":20,"31":20,"32":2,"33":0,"34":2,"35":0,"36":2,"37":2,"38":2,"39":0,"40":20,"41":20,"42":20,"43":3,"44":2,"45":2,"46":2},"f":{"0":41,"1":32,"2":6,"3":20,"4":3,"5":2,"6":2},"b":{"0":[5,27],"1":[8,24],"2":[4,28],"3":[1,2,1],"4":[14],"5":[16],"6":[2,18],"7":[0,2],"8":[0,2],"9":[2,0],"10":[0,2],"11":[0,0],"12":[11,9],"13":[0],"14":[3],"15":[2],"16":[2],"17":[1]}}
,"/Users/pranshurampal/speech-to-text-app/src/services/transcription.ts": {"path":"/Users/pranshurampal/speech-to-text-app/src/services/transcription.ts","statementMap":{"0":{"start":{"line":1,"column":15},"end":{"line":1,"column":40}},"1":{"start":{"line":2,"column":19},"end":{"line":2,"column":36}},"2":{"start":{"line":8,"column":4},"end":{"line":8,"column":41}},"3":{"start":{"line":12,"column":4},"end":{"line":25,"column":5}},"4":{"start":{"line":13,"column":28},"end":{"line":19,"column":8}},"5":{"start":{"line":21,"column":6},"end":{"line":21,"column":32}},"6":{"start":{"line":23,"column":6},"end":{"line":23,"column":51}},"7":{"start":{"line":24,"column":6},"end":{"line":24,"column":18}},"8":{"start":{"line":4,"column":0},"end":{"line":4,"column":13}}},"fnMap":{"0":{"name":"(anonymous_0)","decl":{"start":{"line":7,"column":2},"end":{"line":7,"column":14}},"loc":{"start":{"line":7,"column":28},"end":{"line":9,"column":3}}},"1":{"name":"(anonymous_1)","decl":{"start":{"line":11,"column":2},"end":{"line":11,"column":7}},"loc":{"start":{"line":11,"column":38},"end":{"line":26,"column":3}}}},"branchMap":{},"s":{"0":0,"1":0,"2":0,"3":0,"4":0,"5":0,"6":0,"7":0,"8":0},"f":{"0":0,"1":0},"b":{}}
}
