TN:
SF:src/main.ts
FN:29,(anonymous_1)
FN:50,(anonymous_2)
FN:66,(anonymous_3)
FN:74,(anonymous_4)
FN:79,(anonymous_5)
FN:116,(anonymous_6)
FN:121,(anonymous_7)
FN:132,(anonymous_8)
FN:135,(anonymous_9)
FN:145,(anonymous_10)
FN:157,(anonymous_11)
FN:165,(anonymous_12)
FN:172,(anonymous_13)
FN:195,(anonymous_14)
FN:228,(anonymous_15)
FN:243,(anonymous_16)
FN:249,(anonymous_17)
FN:279,parseShortcutToKeyCodes
FN:286,(anonymous_19)
FN:413,(anonymous_20)
FN:418,checkModifiers
FN:434,refreshShortcuts
FN:447,(anonymous_23)
FN:480,(anonymous_24)
FN:511,(anonymous_25)
FN:522,(anonymous_26)
FN:529,(anonymous_27)
FN:541,(anonymous_28)
FN:555,(anonymous_29)
FN:562,(anonymous_30)
FN:573,(anonymous_31)
FN:584,(anonymous_32)
FN:595,(anonymous_33)
FN:606,(anonymous_34)
FN:623,(anonymous_35)
FN:627,(anonymous_36)
FN:631,(anonymous_37)
FN:638,(anonymous_38)
FN:647,(anonymous_39)
FN:658,(anonymous_40)
FN:669,(anonymous_41)
FN:680,(anonymous_42)
FN:691,(anonymous_43)
FN:702,(anonymous_44)
FN:713,(anonymous_45)
FN:724,(anonymous_46)
FN:735,(anonymous_47)
FNF:47
FNH:0
FNDA:0,(anonymous_1)
FNDA:0,(anonymous_2)
FNDA:0,(anonymous_3)
FNDA:0,(anonymous_4)
FNDA:0,(anonymous_5)
FNDA:0,(anonymous_6)
FNDA:0,(anonymous_7)
FNDA:0,(anonymous_8)
FNDA:0,(anonymous_9)
FNDA:0,(anonymous_10)
FNDA:0,(anonymous_11)
FNDA:0,(anonymous_12)
FNDA:0,(anonymous_13)
FNDA:0,(anonymous_14)
FNDA:0,(anonymous_15)
FNDA:0,(anonymous_16)
FNDA:0,(anonymous_17)
FNDA:0,parseShortcutToKeyCodes
FNDA:0,(anonymous_19)
FNDA:0,(anonymous_20)
FNDA:0,checkModifiers
FNDA:0,refreshShortcuts
FNDA:0,(anonymous_23)
FNDA:0,(anonymous_24)
FNDA:0,(anonymous_25)
FNDA:0,(anonymous_26)
FNDA:0,(anonymous_27)
FNDA:0,(anonymous_28)
FNDA:0,(anonymous_29)
FNDA:0,(anonymous_30)
FNDA:0,(anonymous_31)
FNDA:0,(anonymous_32)
FNDA:0,(anonymous_33)
FNDA:0,(anonymous_34)
FNDA:0,(anonymous_35)
FNDA:0,(anonymous_36)
FNDA:0,(anonymous_37)
FNDA:0,(anonymous_38)
FNDA:0,(anonymous_39)
FNDA:0,(anonymous_40)
FNDA:0,(anonymous_41)
FNDA:0,(anonymous_42)
FNDA:0,(anonymous_43)
FNDA:0,(anonymous_44)
FNDA:0,(anonymous_45)
FNDA:0,(anonymous_46)
FNDA:0,(anonymous_47)
DA:1,0
DA:2,0
DA:3,0
DA:4,0
DA:5,0
DA:6,0
DA:7,0
DA:8,0
DA:9,0
DA:10,0
DA:12,0
DA:18,0
DA:20,0
DA:21,0
DA:22,0
DA:23,0
DA:24,0
DA:25,0
DA:26,0
DA:27,0
DA:29,0
DA:30,0
DA:50,0
DA:51,0
DA:54,0
DA:55,0
DA:59,0
DA:61,0
DA:62,0
DA:66,0
DA:67,0
DA:68,0
DA:69,0
DA:71,0
DA:74,0
DA:75,0
DA:79,0
DA:80,0
DA:101,0
DA:102,0
DA:103,0
DA:104,0
DA:106,0
DA:107,0
DA:111,0
DA:114,0
DA:116,0
DA:117,0
DA:121,0
DA:122,0
DA:127,0
DA:128,0
DA:129,0
DA:131,0
DA:132,0
DA:136,0
DA:137,0
DA:142,0
DA:143,0
DA:145,0
DA:146,0
DA:147,0
DA:149,0
DA:153,0
DA:157,0
DA:158,0
DA:166,0
DA:173,0
DA:174,0
DA:192,0
DA:195,0
DA:197,0
DA:199,0
DA:203,0
DA:204,0
DA:205,0
DA:206,0
DA:210,0
DA:211,0
DA:212,0
DA:215,0
DA:216,0
DA:218,0
DA:219,0
DA:220,0
DA:221,0
DA:224,0
DA:228,0
DA:229,0
DA:230,0
DA:232,0
DA:233,0
DA:234,0
DA:236,0
DA:237,0
DA:239,0
DA:243,0
DA:244,0
DA:245,0
DA:249,0
DA:250,0
DA:251,0
DA:255,0
DA:256,0
DA:260,0
DA:263,0
DA:264,0
DA:266,0
DA:270,0
DA:271,0
DA:272,0
DA:273,0
DA:276,0
DA:286,0
DA:287,0
DA:288,0
DA:289,0
DA:290,0
DA:291,0
DA:293,0
DA:295,0
DA:296,0
DA:297,0
DA:300,0
DA:301,0
DA:304,0
DA:305,0
DA:307,0
DA:308,0
DA:310,0
DA:311,0
DA:314,0
DA:315,0
DA:318,0
DA:319,0
DA:322,0
DA:323,0
DA:325,0
DA:326,0
DA:328,0
DA:329,0
DA:331,0
DA:332,0
DA:334,0
DA:335,0
DA:337,0
DA:338,0
DA:340,0
DA:341,0
DA:344,0
DA:345,0
DA:347,0
DA:348,0
DA:350,0
DA:351,0
DA:353,0
DA:354,0
DA:356,0
DA:357,0
DA:360,0
DA:361,0
DA:365,0
DA:366,0
DA:369,0
DA:370,0
DA:373,0
DA:374,0
DA:377,0
DA:378,0
DA:381,0
DA:382,0
DA:383,0
DA:384,0
DA:385,0
DA:389,0
DA:390,0
DA:391,0
DA:392,0
DA:396,0
DA:397,0
DA:398,0
DA:399,0
DA:400,0
DA:402,0
DA:406,0
DA:407,0
DA:409,0
DA:413,0
DA:414,0
DA:419,0
DA:421,0
DA:423,0
DA:425,0
DA:428,0
DA:435,0
DA:437,0
DA:438,0
DA:441,0
DA:442,0
DA:444,0
DA:445,0
DA:447,0
DA:449,0
DA:452,0
DA:460,0
DA:461,0
DA:462,0
DA:463,0
DA:464,0
DA:465,0
DA:470,0
DA:471,0
DA:472,0
DA:473,0
DA:474,0
DA:475,0
DA:480,0
DA:482,0
DA:485,0
DA:486,0
DA:490,0
DA:491,0
DA:492,0
DA:493,0
DA:494,0
DA:499,0
DA:500,0
DA:502,0
DA:511,0
DA:512,0
DA:513,0
DA:514,0
DA:516,0
DA:522,0
DA:523,0
DA:524,0
DA:525,0
DA:529,0
DA:530,0
DA:532,0
DA:533,0
DA:534,0
DA:541,0
DA:543,0
DA:544,0
DA:548,0
DA:549,0
DA:551,0
DA:555,0
DA:562,0
DA:563,0
DA:564,0
DA:566,0
DA:573,0
DA:574,0
DA:575,0
DA:576,0
DA:577,0
DA:579,0
DA:580,0
DA:584,0
DA:585,0
DA:586,0
DA:587,0
DA:588,0
DA:590,0
DA:591,0
DA:595,0
DA:596,0
DA:597,0
DA:598,0
DA:599,0
DA:601,0
DA:602,0
DA:606,0
DA:607,0
DA:608,0
DA:609,0
DA:616,0
DA:618,0
DA:619,0
DA:623,0
DA:624,0
DA:627,0
DA:628,0
DA:631,0
DA:632,0
DA:633,0
DA:634,0
DA:635,0
DA:638,0
DA:639,0
DA:640,0
DA:641,0
DA:642,0
DA:647,0
DA:648,0
DA:649,0
DA:650,0
DA:651,0
DA:653,0
DA:654,0
DA:658,0
DA:659,0
DA:660,0
DA:661,0
DA:662,0
DA:664,0
DA:665,0
DA:669,0
DA:670,0
DA:671,0
DA:672,0
DA:673,0
DA:675,0
DA:676,0
DA:680,0
DA:681,0
DA:682,0
DA:683,0
DA:684,0
DA:686,0
DA:687,0
DA:691,0
DA:692,0
DA:693,0
DA:694,0
DA:695,0
DA:697,0
DA:698,0
DA:702,0
DA:703,0
DA:704,0
DA:705,0
DA:706,0
DA:708,0
DA:709,0
DA:713,0
DA:714,0
DA:715,0
DA:716,0
DA:717,0
DA:719,0
DA:720,0
DA:724,0
DA:725,0
DA:726,0
DA:727,0
DA:728,0
DA:730,0
DA:731,0
DA:735,0
DA:736,0
DA:737,0
DA:738,0
DA:739,0
DA:741,0
DA:742,0
LF:358
LH:0
BRDA:55,0,0,0
BRDA:55,0,1,0
BRDA:61,1,0,0
BRDA:61,1,1,0
BRDA:67,2,0,0
BRDA:67,2,1,0
BRDA:107,3,0,0
BRDA:107,3,1,0
BRDA:146,4,0,0
BRDA:146,4,1,0
BRDA:166,5,0,0
BRDA:166,5,1,0
BRDA:199,6,0,0
BRDA:199,6,1,0
BRDA:203,7,0,0
BRDA:203,7,1,0
BRDA:205,8,0,0
BRDA:205,8,1,0
BRDA:229,9,0,0
BRDA:229,9,1,0
BRDA:232,10,0,0
BRDA:232,10,1,0
BRDA:233,11,0,0
BRDA:233,11,1,0
BRDA:236,12,0,0
BRDA:236,12,1,0
BRDA:244,13,0,0
BRDA:244,13,1,0
BRDA:245,14,0,0
BRDA:245,14,1,0
BRDA:250,15,0,0
BRDA:250,15,1,0
BRDA:255,16,0,0
BRDA:255,16,1,0
BRDA:255,17,0,0
BRDA:255,17,1,0
BRDA:270,18,0,0
BRDA:270,18,1,0
BRDA:297,19,0,0
BRDA:297,19,1,0
BRDA:297,19,2,0
BRDA:297,19,3,0
BRDA:297,19,4,0
BRDA:297,19,5,0
BRDA:297,19,6,0
BRDA:297,19,7,0
BRDA:297,19,8,0
BRDA:297,19,9,0
BRDA:297,19,10,0
BRDA:297,19,11,0
BRDA:297,19,12,0
BRDA:297,19,13,0
BRDA:297,19,14,0
BRDA:297,19,15,0
BRDA:297,19,16,0
BRDA:297,19,17,0
BRDA:297,19,18,0
BRDA:297,19,19,0
BRDA:297,19,20,0
BRDA:297,19,21,0
BRDA:297,19,22,0
BRDA:297,19,23,0
BRDA:297,19,24,0
BRDA:297,19,25,0
BRDA:297,19,26,0
BRDA:297,19,27,0
BRDA:297,19,28,0
BRDA:297,19,29,0
BRDA:297,19,30,0
BRDA:297,19,31,0
BRDA:297,19,32,0
BRDA:381,20,0,0
BRDA:381,20,1,0
BRDA:384,21,0,0
BRDA:384,21,1,0
BRDA:389,22,0,0
BRDA:389,22,1,0
BRDA:391,23,0,0
BRDA:391,23,1,0
BRDA:396,24,0,0
BRDA:396,24,1,0
BRDA:399,25,0,0
BRDA:399,25,1,0
BRDA:406,26,0,0
BRDA:406,26,1,0
BRDA:413,27,0,0
BRDA:413,27,1,0
BRDA:419,28,0,0
BRDA:419,28,1,0
BRDA:421,29,0,0
BRDA:421,29,1,0
BRDA:423,30,0,0
BRDA:423,30,1,0
BRDA:425,31,0,0
BRDA:425,31,1,0
BRDA:428,32,0,0
BRDA:428,32,1,0
BRDA:428,32,2,0
BRDA:428,32,3,0
BRDA:441,33,0,0
BRDA:441,33,1,0
BRDA:442,34,0,0
BRDA:442,34,1,0
BRDA:453,35,0,0
BRDA:453,35,1,0
BRDA:454,36,0,0
BRDA:454,36,1,0
BRDA:455,37,0,0
BRDA:455,37,1,0
BRDA:456,38,0,0
BRDA:456,38,1,0
BRDA:460,39,0,0
BRDA:460,39,1,0
BRDA:460,40,0,0
BRDA:460,40,1,0
BRDA:460,40,2,0
BRDA:462,41,0,0
BRDA:462,41,1,0
BRDA:462,42,0,0
BRDA:462,42,1,0
BRDA:465,43,0,0
BRDA:465,43,1,0
BRDA:470,44,0,0
BRDA:470,44,1,0
BRDA:470,45,0,0
BRDA:470,45,1,0
BRDA:470,45,2,0
BRDA:472,46,0,0
BRDA:472,46,1,0
BRDA:472,47,0,0
BRDA:472,47,1,0
BRDA:475,48,0,0
BRDA:475,48,1,0
BRDA:485,49,0,0
BRDA:485,49,1,0
BRDA:485,50,0,0
BRDA:485,50,1,0
BRDA:485,50,2,0
BRDA:490,51,0,0
BRDA:490,51,1,0
BRDA:490,52,0,0
BRDA:490,52,1,0
BRDA:490,52,2,0
BRDA:491,53,0,0
BRDA:491,53,1,0
BRDA:494,54,0,0
BRDA:494,54,1,0
BRDA:512,55,0,0
BRDA:512,55,1,0
BRDA:513,56,0,0
BRDA:513,56,1,0
BRDA:524,57,0,0
BRDA:524,57,1,0
BRDA:524,58,0,0
BRDA:524,58,1,0
BRDA:543,59,0,0
BRDA:543,59,1,0
BRDA:563,60,0,0
BRDA:563,60,1,0
BRDA:574,61,0,0
BRDA:574,61,1,0
BRDA:585,62,0,0
BRDA:585,62,1,0
BRDA:596,63,0,0
BRDA:596,63,1,0
BRDA:607,64,0,0
BRDA:607,64,1,0
BRDA:616,65,0,0
BRDA:616,65,1,0
BRDA:648,66,0,0
BRDA:648,66,1,0
BRDA:659,67,0,0
BRDA:659,67,1,0
BRDA:670,68,0,0
BRDA:670,68,1,0
BRDA:672,69,0,0
BRDA:672,69,1,0
BRDA:681,70,0,0
BRDA:681,70,1,0
BRDA:692,71,0,0
BRDA:692,71,1,0
BRDA:703,72,0,0
BRDA:703,72,1,0
BRDA:714,73,0,0
BRDA:714,73,1,0
BRDA:725,74,0,0
BRDA:725,74,1,0
BRDA:736,75,0,0
BRDA:736,75,1,0
BRF:189
BRH:0
end_of_record
TN:
SF:src/preload.ts
FN:33,(anonymous_0)
FN:34,(anonymous_1)
FN:35,(anonymous_2)
FN:36,(anonymous_3)
FN:37,(anonymous_4)
FN:39,(anonymous_5)
FN:41,(anonymous_6)
FN:43,(anonymous_7)
FN:45,(anonymous_8)
FN:47,(anonymous_9)
FN:49,(anonymous_10)
FN:50,(anonymous_11)
FN:51,(anonymous_12)
FN:52,(anonymous_13)
FN:53,(anonymous_14)
FN:54,(anonymous_15)
FN:55,(anonymous_16)
FN:57,(anonymous_17)
FN:59,(anonymous_18)
FN:60,(anonymous_19)
FN:61,(anonymous_20)
FN:63,(anonymous_21)
FN:64,(anonymous_22)
FN:65,(anonymous_23)
FN:66,(anonymous_24)
FN:67,(anonymous_25)
FN:68,(anonymous_26)
FN:69,(anonymous_27)
FN:70,(anonymous_28)
FN:71,(anonymous_29)
FNF:30
FNH:0
FNDA:0,(anonymous_0)
FNDA:0,(anonymous_1)
FNDA:0,(anonymous_2)
FNDA:0,(anonymous_3)
FNDA:0,(anonymous_4)
FNDA:0,(anonymous_5)
FNDA:0,(anonymous_6)
FNDA:0,(anonymous_7)
FNDA:0,(anonymous_8)
FNDA:0,(anonymous_9)
FNDA:0,(anonymous_10)
FNDA:0,(anonymous_11)
FNDA:0,(anonymous_12)
FNDA:0,(anonymous_13)
FNDA:0,(anonymous_14)
FNDA:0,(anonymous_15)
FNDA:0,(anonymous_16)
FNDA:0,(anonymous_17)
FNDA:0,(anonymous_18)
FNDA:0,(anonymous_19)
FNDA:0,(anonymous_20)
FNDA:0,(anonymous_21)
FNDA:0,(anonymous_22)
FNDA:0,(anonymous_23)
FNDA:0,(anonymous_24)
FNDA:0,(anonymous_25)
FNDA:0,(anonymous_26)
FNDA:0,(anonymous_27)
FNDA:0,(anonymous_28)
FNDA:0,(anonymous_29)
DA:1,0
DA:32,0
DA:33,0
DA:34,0
DA:35,0
DA:36,0
DA:38,0
DA:39,0
DA:42,0
DA:43,0
DA:46,0
DA:47,0
DA:49,0
DA:50,0
DA:51,0
DA:52,0
DA:53,0
DA:55,0
DA:56,0
DA:57,0
DA:59,0
DA:60,0
DA:61,0
DA:63,0
DA:64,0
DA:65,0
DA:66,0
DA:67,0
DA:68,0
DA:69,0
DA:70,0
DA:71,0
DA:74,0
LF:33
LH:0
BRF:0
BRH:0
end_of_record
TN:
SF:src/services/config.ts
FN:13,(anonymous_1)
FN:19,(anonymous_2)
FN:31,(anonymous_3)
FN:43,(anonymous_4)
FN:48,(anonymous_5)
FN:53,(anonymous_6)
FNF:6
FNH:0
FNDA:0,(anonymous_1)
FNDA:0,(anonymous_2)
FNDA:0,(anonymous_3)
FNDA:0,(anonymous_4)
FNDA:0,(anonymous_5)
FNDA:0,(anonymous_6)
DA:1,0
DA:2,0
DA:3,0
DA:9,0
DA:14,0
DA:15,0
DA:16,0
DA:20,0
DA:21,0
DA:22,0
DA:23,0
DA:26,0
DA:28,0
DA:32,0
DA:33,0
DA:34,0
DA:35,0
DA:37,0
DA:39,0
DA:45,0
DA:49,0
DA:50,0
DA:54,0
DA:55,0
LF:24
LH:0
BRDA:21,0,0,0
BRDA:21,0,1,0
BRDA:34,1,0,0
BRDA:34,1,1,0
BRDA:45,2,0,0
BRDA:45,2,1,0
BRDA:55,3,0,0
BRDA:55,3,1,0
BRF:8
BRH:0
end_of_record
TN:
SF:src/services/database.ts
FN:38,(anonymous_10)
FN:61,(anonymous_11)
FN:157,(anonymous_12)
FN:168,(anonymous_13)
FN:189,(anonymous_14)
FN:195,(anonymous_15)
FN:221,(anonymous_16)
FN:245,(anonymous_17)
FN:280,(anonymous_18)
FN:304,(anonymous_19)
FN:334,(anonymous_20)
FN:339,(anonymous_21)
FN:346,(anonymous_22)
FN:348,(anonymous_23)
FN:357,(anonymous_24)
FN:363,(anonymous_25)
FN:375,(anonymous_26)
FN:387,(anonymous_27)
FN:410,(anonymous_28)
FN:424,(anonymous_29)
FN:430,(anonymous_30)
FNF:21
FNH:17
FNDA:71,(anonymous_10)
FNDA:71,(anonymous_11)
FNDA:71,(anonymous_12)
FNDA:280,(anonymous_13)
FNDA:14,(anonymous_14)
FNDA:27,(anonymous_15)
FNDA:0,(anonymous_16)
FNDA:16,(anonymous_17)
FNDA:0,(anonymous_18)
FNDA:3,(anonymous_19)
FNDA:3,(anonymous_20)
FNDA:3,(anonymous_21)
FNDA:4,(anonymous_22)
FNDA:7,(anonymous_23)
FNDA:2,(anonymous_24)
FNDA:2,(anonymous_25)
FNDA:75,(anonymous_26)
FNDA:0,(anonymous_27)
FNDA:28,(anonymous_28)
FNDA:0,(anonymous_29)
FNDA:73,(anonymous_30)
DA:1,3
DA:2,3
DA:3,3
DA:4,3
DA:34,3
DA:40,71
DA:41,71
DA:43,71
DA:44,70
DA:47,71
DA:50,71
DA:53,71
DA:56,71
DA:58,71
DA:62,71
DA:64,71
DA:65,70
DA:68,70
DA:153,70
DA:158,71
DA:159,71
DA:160,1
DA:162,70
DA:169,280
DA:171,280
DA:176,280
DA:185,280
DA:186,280
DA:190,14
DA:191,14
DA:192,14
DA:196,27
DA:197,27
DA:200,27
DA:201,5
DA:202,5
DA:206,27
DA:207,3
DA:208,3
DA:211,27
DA:212,3
DA:213,3
DA:217,27
DA:218,0
DA:221,0
DA:224,0
DA:228,27
DA:231,27
DA:232,19
DA:233,19
DA:236,27
DA:237,2
DA:238,2
DA:241,27
DA:242,27
DA:246,16
DA:247,1
DA:250,15
DA:256,15
DA:259,15
DA:260,3
DA:261,3
DA:265,15
DA:266,0
DA:267,0
DA:270,15
DA:271,0
DA:272,0
DA:276,15
DA:277,0
DA:280,0
DA:283,0
DA:287,15
DA:290,15
DA:291,11
DA:292,11
DA:295,15
DA:296,0
DA:297,0
DA:300,15
DA:301,15
DA:305,3
DA:306,3
DA:308,3
DA:309,3
DA:310,3
DA:313,3
DA:314,0
DA:315,0
DA:318,3
DA:319,0
DA:320,0
DA:323,3
DA:324,0
DA:327,3
DA:328,3
DA:330,3
DA:331,3
DA:335,3
DA:336,3
DA:340,3
DA:341,3
DA:347,4
DA:348,7
DA:352,4
DA:354,2
DA:357,1
DA:358,2
DA:359,2
DA:363,1
DA:364,2
DA:365,2
DA:369,0
DA:376,75
DA:378,75
DA:380,75
DA:381,75
DA:383,0
DA:388,0
DA:390,0
DA:391,0
DA:392,0
DA:395,0
DA:396,0
DA:397,0
DA:398,0
DA:399,0
DA:400,0
DA:401,0
DA:403,0
DA:404,0
DA:411,28
DA:412,28
DA:413,28
DA:415,28
DA:425,0
DA:426,0
DA:427,0
DA:431,73
DA:432,73
DA:433,73
LF:141
LH:106
BRDA:43,0,0,70
BRDA:43,0,1,1
BRDA:64,1,0,70
BRDA:64,1,1,1
BRDA:160,2,0,1
BRDA:160,2,1,0
BRDA:180,3,0,280
BRDA:180,3,1,277
BRDA:181,4,0,280
BRDA:181,4,1,199
BRDA:192,5,0,14
BRDA:192,5,1,4
BRDA:195,6,0,5
BRDA:200,7,0,5
BRDA:200,7,1,22
BRDA:202,8,0,4
BRDA:202,8,1,1
BRDA:206,9,0,3
BRDA:206,9,1,24
BRDA:211,10,0,3
BRDA:211,10,1,24
BRDA:217,11,0,0
BRDA:217,11,1,27
BRDA:217,12,0,27
BRDA:217,12,1,0
BRDA:231,13,0,19
BRDA:231,13,1,8
BRDA:236,14,0,2
BRDA:236,14,1,25
BRDA:245,15,0,5
BRDA:246,16,0,1
BRDA:246,16,1,15
BRDA:246,17,0,16
BRDA:246,17,1,15
BRDA:259,18,0,3
BRDA:259,18,1,12
BRDA:261,19,0,3
BRDA:261,19,1,0
BRDA:265,20,0,0
BRDA:265,20,1,15
BRDA:270,21,0,0
BRDA:270,21,1,15
BRDA:276,22,0,0
BRDA:276,22,1,15
BRDA:276,23,0,15
BRDA:276,23,1,0
BRDA:290,24,0,11
BRDA:290,24,1,4
BRDA:295,25,0,0
BRDA:295,25,1,15
BRDA:308,26,0,3
BRDA:308,26,1,0
BRDA:313,27,0,0
BRDA:313,27,1,3
BRDA:318,28,0,0
BRDA:318,28,1,3
BRDA:323,29,0,0
BRDA:323,29,1,3
BRDA:352,30,0,2
BRDA:352,30,1,1
BRDA:352,30,2,1
BRDA:352,30,3,0
BRDA:390,31,0,0
BRDA:390,31,1,0
BRF:64
BRH:48
end_of_record
TN:
SF:src/services/formatter.ts
FN:6,(anonymous_0)
FN:10,(anonymous_1)
FNF:2
FNH:0
FNDA:0,(anonymous_0)
FNDA:0,(anonymous_1)
DA:1,0
DA:3,0
DA:7,0
DA:11,0
DA:12,0
DA:22,0
DA:38,0
DA:40,0
DA:42,0
DA:43,0
LF:10
LH:0
BRDA:38,0,0,0
BRDA:38,0,1,0
BRF:2
BRH:0
end_of_record
TN:
SF:src/services/paste.ts
FN:4,(anonymous_0)
FN:30,(anonymous_1)
FNF:2
FNH:0
FNDA:0,(anonymous_0)
FNDA:0,(anonymous_1)
DA:1,0
DA:3,0
DA:5,0
DA:6,0
DA:8,0
DA:9,0
DA:10,0
DA:12,0
DA:13,0
DA:19,0
DA:20,0
DA:21,0
DA:24,0
DA:25,0
DA:30,0
DA:33,0
DA:34,0
DA:35,0
DA:36,0
DA:39,0
DA:40,0
DA:42,0
DA:46,0
DA:47,0
LF:24
LH:0
BRDA:6,0,0,0
BRDA:6,0,1,0
BRDA:10,1,0,0
BRDA:10,1,1,0
BRDA:33,2,0,0
BRDA:33,2,1,0
BRDA:35,3,0,0
BRDA:35,3,1,0
BRF:8
BRH:0
end_of_record
TN:
SF:src/services/search.ts
FN:22,(anonymous_0)
FN:31,(anonymous_1)
FN:38,(anonymous_2)
FN:79,(anonymous_3)
FN:125,(anonymous_4)
FN:132,(anonymous_5)
FN:139,(anonymous_6)
FNF:7
FNH:7
FNDA:41,(anonymous_0)
FNDA:32,(anonymous_1)
FNDA:6,(anonymous_2)
FNDA:20,(anonymous_3)
FNDA:3,(anonymous_4)
FNDA:2,(anonymous_5)
FNDA:2,(anonymous_6)
DA:21,2
DA:22,41
DA:32,32
DA:33,32
DA:36,32
DA:37,32
DA:38,6
DA:39,5
DA:43,32
DA:44,32
DA:45,8
DA:46,8
DA:50,32
DA:51,32
DA:52,4
DA:53,4
DA:54,4
DA:55,4
DA:56,4
DA:58,4
DA:60,1
DA:61,1
DA:63,2
DA:64,2
DA:66,1
DA:67,1
DA:70,4
DA:73,32
DA:80,20
DA:83,20
DA:86,20
DA:92,20
DA:93,2
DA:94,0
DA:96,2
DA:97,0
DA:99,2
DA:100,2
DA:102,2
DA:103,0
DA:108,20
DA:113,20
DA:115,20
DA:126,3
DA:133,2
DA:140,2
LF:46
LH:43
BRDA:37,0,0,5
BRDA:37,0,1,27
BRDA:44,1,0,8
BRDA:44,1,1,24
BRDA:51,2,0,4
BRDA:51,2,1,28
BRDA:58,3,0,1
BRDA:58,3,1,2
BRDA:58,3,2,1
BRDA:80,4,0,14
BRDA:80,5,0,16
BRDA:92,6,0,2
BRDA:92,6,1,18
BRDA:93,7,0,0
BRDA:93,7,1,2
BRDA:96,8,0,0
BRDA:96,8,1,2
BRDA:99,9,0,2
BRDA:99,9,1,0
BRDA:102,10,0,0
BRDA:102,10,1,2
BRDA:103,11,0,0
BRDA:103,11,1,0
BRDA:108,12,0,11
BRDA:108,12,1,9
BRDA:125,13,0,0
BRDA:125,14,0,3
BRDA:132,15,0,2
BRDA:132,16,0,2
BRDA:139,17,0,1
BRF:30
BRH:23
end_of_record
TN:
SF:src/services/transcription.ts
FN:7,(anonymous_0)
FN:11,(anonymous_1)
FNF:2
FNH:0
FNDA:0,(anonymous_0)
FNDA:0,(anonymous_1)
DA:1,0
DA:2,0
DA:4,0
DA:8,0
DA:12,0
DA:13,0
DA:21,0
DA:23,0
DA:24,0
LF:9
LH:0
BRF:0
BRH:0
end_of_record
